*------------------------------------------------------------*
* Score Log
Date:                28 October 2019
Time:                01:09:19 o'clock
*------------------------------------------------------------*
16196  %let EMEXCEPTIONSTRING=;
16197  *------------------------------------------------------------*;
16198  * SCORE: FIMPORT;
16199  *------------------------------------------------------------*;
16200  %let EM_ACTION = SCORE;
16201  %let syscc = 0;
16202  /* Fimport.source */
16203  %macro main;
16204        %if %upcase(&EM_ACTION) = CREATE %then %do;
16205           filename temp catalog 'sashelp.emsamp.Fimport_create.source';
16206           %include temp;
16207           filename temp;
16208           %create;
16209        %end;
16210        %else
16211        %if %upcase(&EM_ACTION) = TRAIN %then %do;
16212           filename temp catalog 'sashelp.emsamp.Fimport_train.source';
16213           %include temp;
16214           filename temp;
16215           %train;
16216        %end;
16217        %else
16218        %if %upcase(&EM_ACTION) = UPDATE %then %do;
16219           filename temp catalog 'sashelp.emsamp.Fimport_update.source';
16220           %include temp;
16221           filename temp;
16222           %update;
16223        %end;
16224        %else
16225        %if %upcase(&EM_ACTION) = PROPERTY %then %do;
16226           filename temp catalog 'sashelp.emsamp.Fimport_actions.source';
16227           %include temp;
16228           filename temp;
16229           %property;
16230        %end;
16231         %else
16232        %if %upcase(&EM_ACTION) = SCORE %then %do;
16233           filename temp catalog 'sashelp.emsamp.Fimport_score.source';
16234           %include temp;
16235           filename temp;
16236           %score;
16237        %end;
16238        %else
16239        %if %upcase(&EM_ACTION) = REPORT %then %do;
16240           filename temp catalog 'sashelp.emsamp.Fimport_report.source';
16241           %include temp;
16242           filename temp;
16243           %report;
16244        %end;
16245        %else
16246        %if %upcase(&EM_ACTION) = OPENVARIABLESET %then %do;
16247           filename temp catalog 'sashelp.emsamp.Fimport_actions.source';
16248           %include temp;
16249           filename temp;
16250           %openvariableset;
16251        %end;
16252        %else
16253        %if %upcase(&EM_ACTION) = CLOSEVARIABLESET %then %do;
16254           filename temp catalog 'sashelp.emsamp.Fimport_actions.source';
16255           %include temp;
16256           filename temp;
16257           %closevariableset;
16258        %end;
16259  %mend main;
16260  %main;
NOTE: %INCLUDE (level 1) file TEMP is file SASHELP.EMSAMP.FIMPORT_SCORE.SOURCE.
16261 +%macro score;
16262 +
16263 +   filename x "&EM_NODEDIR.&EM_DSEP._updatePath.st";
16264 +   data _null_;
16265 +      file x;
16266 +      put ' ';
16267 +   run;
16268 +   filename x;
16269 +
16270 +   %em_getname(key=DATA, type=DATA);
16271 +   %if %sysfunc(exist(&em_user_data)) %then %do;
16272 +       data &em_export_train / view=&em_export_train;
16273 +          set &em_user_data;
16274 +       run;
16275 +   %end;
16276 +
16277 +%mend score;
NOTE: %INCLUDE (level 1) ending.
NOTE: Fileref TEMP has been deassigned.

NOTE: The file X is:
      Filename=C:\Users\tan.joryi\Desktop\p\data_mining\03_explore_data\Gold_Price\Workspaces\EMWS1\FIMPORT\_updatePath.st,
      RECFM=V,LRECL=32767,File Size (bytes)=0,
      Last Modified=28 October 2019 01:09:19 o'clock,
      Create Time=28 October 2019 01:09:19 o'clock

NOTE: 1 record was written to the file X.
      The minimum record length was 1.
      The maximum record length was 1.
NOTE: DATA statement used (Total process time):
      real time           0.01 seconds
      cpu time            0.00 seconds
      

NOTE: Fileref X has been deassigned.

NOTE: DATA STEP view saved on file EMWS1.FIMPORT_TRAIN.
NOTE: A stored DATA STEP view cannot run under a different operating system.
NOTE: DATA statement used (Total process time):
      real time           0.07 seconds
      cpu time            0.00 seconds
      

16278  *------------------------------------------------------------*;
16279  * End SCORE: FIMPORT;
16280  *------------------------------------------------------------*;

16282  *------------------------------------------------------------*;
16283  * FIMPORT: Computing metadata for TRAIN data;
16284  *------------------------------------------------------------*;

NOTE: View EMWS1.FIMPORT_TRAIN.VIEW used (Total process time):
      real time           0.07 seconds
      cpu time            0.03 seconds
      
NOTE: View EMWS1.FIMPORT_TRAIN.VIEW used (Total process time):
      real time           0.03 seconds
      cpu time            0.03 seconds
      
