*------------------------------------------------------------*
* Report Log
Date:                28 October 2019
Time:                01:14:52 o'clock
*------------------------------------------------------------*
11646  %let _nimpute = 0;
11647  data EMWS1.Impt_RESULT;
11648  label NAME = "%sysfunc(sasmsg(sashelp.dmine, meta_name_vlabel,        NOQUOTE))" METHOD = "%sysfunc(sasmsg(sashelp.dmine, rpt_imputemethod_vlabel, NOQUOTE))" IMPUTED = "%sysfunc(sasmsg(sashelp.dmine, rpt_imputedvar_vlabel,   NOQUOTE))" INDICATOR =
11649     "%sysfunc(sasmsg(sashelp.dmine, rpt_indicatorvar_vlabel, NOQUOTE))" VALUE = "%sysfunc(sasmsg(sashelp.dmine, rpt_imputevalue_vlabel,  NOQUOTE))" ROLE = "%sysfunc(sasmsg(sashelp.dmine, meta_role_vlabel,        NOQUOTE))" LEVEL =
11650     "%sysfunc(sasmsg(sashelp.dmine, meta_level_vlabel,       NOQUOTE))" LABEL = "%sysfunc(sasmsg(sashelp.dmine, meta_label_vlabel,       NOQUOTE))" TRAIN = "%sysfunc(sasmsg(sashelp.dmine, rpt_missingcount_vlabel, NOQUOTE, TRAIN))";
11651  set EMWS1.Impt_META(where=(IMPUTED ne '') keep=NAME METHOD IMP VALUE ROLE NMISS LEVEL LABEL rename=(IMP=IMPUTED NMISS=TRAIN)) end=eof;
11652  if eof then call symput('_nimpute', '1');
11653  run;

NOTE: Variable INDICATOR is uninitialized.
NOTE: There were 8 observations read from the data set EMWS1.IMPT_META.
      WHERE IMPUTED not = ' ';
NOTE: The data set EMWS1.IMPT_RESULT has 8 observations and 8 variables.
NOTE: DATA statement used (Total process time):
      real time           0.25 seconds
      cpu time            0.04 seconds
      

11654  proc print data=EMWS1.Impt_RESULT(obs=500) label noobs;
11655  title9 "%sysfunc(sasmsg(sashelp.dmine, rpt_imputationsummary_title, NOQUOTE))";
11656  title10 "%sysfunc(sasmsg(sashelp.dmine, rpt_numberobs_title,         NOQUOTE))";
11657  run;

NOTE: There were 8 observations read from the data set EMWS1.IMPT_RESULT.
NOTE: The PROCEDURE PRINT printed page 2.
NOTE: PROCEDURE PRINT used (Total process time):
      real time           0.06 seconds
      cpu time            0.01 seconds
      

11658  proc freq data=EMWS1.Impt_RESULT noprint;
11659  table train /out=WORK.ImptSUMMARY nocum;
11660  run;

NOTE: There were 8 observations read from the data set EMWS1.IMPT_RESULT.
NOTE: The data set WORK.IMPTSUMMARY has 1 observations and 3 variables.
NOTE: PROCEDURE FREQ used (Total process time):
      real time           0.06 seconds
      cpu time            0.01 seconds
      

11661  proc sort data=WORK.ImptSUMMARY NOTHREADS;
11662  by descending TRAIN;
11663  run;

NOTE: There were 1 observations read from the data set WORK.IMPTSUMMARY.
NOTE: The data set WORK.IMPTSUMMARY has 1 observations and 3 variables.
NOTE: PROCEDURE SORT used (Total process time):
      real time           0.06 seconds
      cpu time            0.04 seconds
      

11664  proc print data=WORK.ImptSUMMARY(obs=100) label;
11665  label COUNT = "%sysfunc(sasmsg(sashelp.dmine, rpt_varcount_vlabel,  NOQUOTE))" PERCENT = "%sysfunc(sasmsg(sashelp.dmine, rpt_varpercent_vlabel,  NOQUOTE))";
11666  title9 ' ';
11667  title10 "%sysfunc(sasmsg(sashelp.dmine, rpt_missingvardistribution_title, NOQUOTE))";
11668  run;

NOTE: There were 1 observations read from the data set WORK.IMPTSUMMARY.
NOTE: The PROCEDURE PRINT printed page 3.
NOTE: PROCEDURE PRINT used (Total process time):
      real time           0.09 seconds
      cpu time            0.01 seconds
      

11669  data EMWS1.Impt_EMSCOREVAR;
11670  length Name $32 formula $70 file $200;
11671  keep NAME Formula file;
11672  set EMWS1.Impt_META end=eof;
11673  *set EMWS1.Impt_RESULT end=eof;
11674  if M ne '' then do;
11675  NAME= M;
11676  file="IMPUTECODE\"!!strip(NAME)!!'.sas';
11677  output;
11678  end;
11679  if IMP ne '' then do;
11680  NAME= IMP;
11681  file="IMPUTECODE\"!!strip(NAME)!!'.sas';
11682  output;
11683  end;
11684  run;

NOTE: Variable formula is uninitialized.
NOTE: There were 13 observations read from the data set EMWS1.IMPT_META.
NOTE: The data set EMWS1.IMPT_EMSCOREVAR has 21 observations and 3 variables.
NOTE: DATA statement used (Total process time):
      real time           0.04 seconds
      cpu time            0.00 seconds
      

