*------------------------------------------------------------*
* Report Log
Date:                22 December 2019
Time:                19:47:20 o'clock
*------------------------------------------------------------*
12224  data WORK.M1O_GZIN;
12225  set WORK.M1O_GZIN;
12226  if role eq 'REJECTED' then role = 'INPUT';
12227  run;

NOTE: There were 6 observations read from the data set WORK.M1O_GZIN.
NOTE: The data set WORK.M1O_GZIN has 6 observations and 21 variables.
NOTE: DATA statement used (Total process time):
      real time           0.03 seconds
      cpu time            0.00 seconds
      

12228  data WORK.M1O_GZIN;
12229  set WORK.M1O_GZIN end=_eof_ nobs=_nobs_;
12230  output;
12231  if _eof_ then do;
12232  name = '_SEGMENT_';
12233  ROLE = 'TARGET';
12234  LEVEL = 'NOMINAL';
12235  LABEL = 'Segment Variable';
12236  TYPE = 'N';
12237  FORMAT = '';
12238  INFORMAT = '';
12239  USE='Y';
12240  output;
12241  end;
12242  run;

NOTE: There were 6 observations read from the data set WORK.M1O_GZIN.
NOTE: The data set WORK.M1O_GZIN has 7 observations and 21 variables.
NOTE: DATA statement used (Total process time):
      real time           0.03 seconds
      cpu time            0.01 seconds
      

12243  *------------------------------------------------------------*;
12244  * Clus: Create decision matrix;
12245  *------------------------------------------------------------*;
12246  *------------------------------------------------------------* ;
12247  * Clus: Tree Variables Macro ;
12248  *------------------------------------------------------------* ;
12249  %macro EM_TREEVARS;
12250      all_day_maintain closing_at_daily_high closing_at_daily_low day month
12251     open_equals_closing
12252  %mend EM_TREEVARS;
12253  *------------------------------------------------------------* ;
12254  * Clus: Tree Targets Macro ;
12255  *------------------------------------------------------------* ;
12256  %macro EM_TREETARGETS;
12257      _SEGMENT_
12258  %mend EM_TREETARGETS;
12259  data EMWS1.EM_Clus / view=EMWS1.EM_Clus;
12260  set EMWS1.Clus_TRAIN(keep=%EM_TREEVARS %EM_TREETARGETS);
12261  run;

NOTE: DATA STEP view saved on file EMWS1.EM_CLUS.
NOTE: A stored DATA STEP view cannot run under a different operating system.
NOTE: View EMWS1.CLUS_TRAIN.VIEW used (Total process time):
      real time           0.09 seconds
      cpu time            0.06 seconds
      
NOTE: DATA statement used (Total process time):
      real time           0.12 seconds
      cpu time            0.07 seconds
      

12262  *------------------------------------------------------------* ;
12263  * Clus: Interval Inputs Macro ;
12264  *------------------------------------------------------------* ;
12265  %macro INTINPUTS;
12266  
12267  %mend INTINPUTS;
12268  *------------------------------------------------------------* ;
12269  * Clus: Binary and Nominal Inputs Macro ;
12270  *------------------------------------------------------------* ;
12271  %macro NOMINPUTS;
12272      all_day_maintain closing_at_daily_high closing_at_daily_low day month
12273     open_equals_closing
12274  %mend NOMINPUTS;
12275  *------------------------------------------------------------* ;
12276  * Clus: Ordinal Inputs Macro ;
12277  *------------------------------------------------------------* ;
12278  %macro ORDINPUTS;
12279  
12280  %mend ORDINPUTS;
12281  *------------------------------------------------------------*;
12282  * Clus: Run ARBOR procedure;
12283  *------------------------------------------------------------*;

12284  proc arbor data=EMWS1.EM_Clus
12285  MAXSURRS=5
12286  ;
12287  ;
12288  input %NOMINPUTS
12289  / level=nominal;
12290  target _SEGMENT_ / level=NOMINAL
12291  Criterion=PROBCHISQ
12292  ;
12293  ;
12294  Performance DISK
12295  ;
12296  MAKEMACRO NLEAVES=nleaves;
NOTE: 1490613 kilobytes of physical memory.
NOTE: Will use 1823 out of 1823 training cases.
NOTE: Using memory pool with 49925120 bytes.
NOTE: Passed training data 12 times.
NOTE: Training used 331424 bytes of work memory.
NOTE: The subtree sequence contains 7 subtrees. The largest has 13 nodes and 7 leaves.
NOTE: Using subtree with 13 nodes and 7 leaves.
NOTE: Created macro variable NLEAVES equal to 7.
12297  save
12298  MODEL=EMWS1.Clus_PLOTDS
12299  SEQUENCE=EMWS1.Clus_OUTSEQ
12300  IMPORTANCE=EMWS1.Clus_OUTIMPORT
12301  NODESTAT=EMWS1.Clus_OUTNODES
12302  SUMMARY=WORK.OUTSUMMARY_TREE_2N4MNXE
12303  STATSBYNODE=WORK.OUTSTATS_TREE_2N4MNXE
12304  Pathlistnonmissing = WORK.OUTPATH_TREE_2N4MNXE
12305  Rules = WORK.OUTRULES_TREE_2N4MNXE
12306  ;
NOTE: The data set EMWS1.CLUS_OUTIMPORT has 6 observations and 5 variables.
NOTE: The data set EMWS1.CLUS_PLOTDS has 540 observations and 4 variables.
NOTE: The data set EMWS1.CLUS_OUTNODES has 13 observations and 24 variables.
NOTE: The data set WORK.OUTPATH_TREE_2N4MNXE has 36 observations and 7 variables.
NOTE: The data set WORK.OUTRULES_TREE_2N4MNXE has 129 observations and 6 variables.
NOTE: The data set EMWS1.CLUS_OUTSEQ has 7 observations and 11 variables.
NOTE: The data set WORK.OUTSTATS_TREE_2N4MNXE has 78 observations and 5 variables.
NOTE: The data set WORK.OUTSUMMARY_TREE_2N4MNXE has 20 observations and 7 variables.
12307  run;

12308  quit;

NOTE: There were 1823 observations read from the data set EMWS1.FIMPORT3_DATA.
NOTE: There were 1823 observations read from the data set EMWS1.FIMPORT3_TRAIN.
NOTE: View EMWS1.EM_CLUS.VIEW used (Total process time):
      real time           0.48 seconds
      cpu time            0.25 seconds
      
NOTE: There were 1823 observations read from the data set EMWS1.CLUS_TRAIN.
NOTE: There were 1823 observations read from the data set EMWS1.EM_CLUS.
NOTE: The data set WORK._NAMEDAT has 4 observations and 5 variables.
NOTE: PROCEDURE ARBOR used (Total process time):
      real time           0.54 seconds
      cpu time            0.28 seconds
      

12309  data EMWS1.Clus_OUTIMPORT;
12310  set EMWS1.Clus_OUTIMPORT;
12311  label NAME = "%sysfunc(sasmsg(sashelp.dmine, meta_name_vlabel, noquote))" LABEL = "%sysfunc(sasmsg(sashelp.dmine, meta_label_vlabel, noquote))" NRULES = "%sysfunc(sasmsg(sashelp.dmine, rpt_nrules_vlabel, noquote))" IMPORTANCE =
12312     "%sysfunc(sasmsg(sashelp.dmine, rpt_importance_vlabel, noquote))" NSURROGATES = "%sysfunc(sasmsg(sashelp.dmine, rpt_nsurrogates_vlabel, noquote))"
12313  ;
12314  run;

NOTE: There were 6 observations read from the data set EMWS1.CLUS_OUTIMPORT.
NOTE: The data set EMWS1.CLUS_OUTIMPORT has 6 observations and 5 variables.
NOTE: DATA statement used (Total process time):
      real time           0.15 seconds
      cpu time            0.03 seconds
      

12315  filename x "C:\Users\tan.joryi\Desktop\p\data_mining\03_explore_data\Gold_Price\Workspaces\EMWS1\Clus\ENGLISHRULES.txt" encoding='utf-8' NOBOM;

12316  data temp;
12317  length varname $21;
12318  retain varname;
12319  set WORK.OUTPATH_TREE_2N4MNXE;
12320  if ^missing(variable) then varname=variable;
12321  else if ^missing(var_name) then varname=var_name;
12322  output;
12323  run;

NOTE: There were 36 observations read from the data set WORK.OUTPATH_TREE_2N4MNXE.
NOTE: The data set WORK.TEMP has 36 observations and 8 variables.
NOTE: DATA statement used (Total process time):
      real time           0.03 seconds
      cpu time            0.00 seconds
      

12324  proc sort data=temp;
12325  by node;
12326  run;

NOTE: There were 36 observations read from the data set WORK.TEMP.
NOTE: The data set WORK.TEMP has 36 observations and 8 variables.
NOTE: PROCEDURE SORT used (Total process time):
      real time           0.04 seconds
      cpu time            0.01 seconds
      

12327  proc sort data=EMWS1.Clus_OUTNODES out=outnodes;
12328  by node;
12329  run;

NOTE: There were 13 observations read from the data set EMWS1.CLUS_OUTNODES.
NOTE: The data set WORK.OUTNODES has 13 observations and 24 variables.
NOTE: PROCEDURE SORT used (Total process time):
      real time           0.04 seconds
      cpu time            0.01 seconds
      

12330  data temp;
12331  merge temp(in=_a) outnodes(keep= node
12332  NPRIORS
12333  P__SEGMENT_2
12334  P__SEGMENT_3
12335  P__SEGMENT_4
12336  P__SEGMENT_1
12337  );
12338  by node;
12339  if _a;
12340  run;

NOTE: There were 36 observations read from the data set WORK.TEMP.
NOTE: There were 13 observations read from the data set WORK.OUTNODES.
NOTE: The data set WORK.TEMP has 36 observations and 13 variables.
NOTE: DATA statement used (Total process time):
      real time           0.04 seconds
      cpu time            0.01 seconds
      

12341  proc sort data=temp;
12342  by node descending varname descending numeric_value;
12343  run;

NOTE: There were 36 observations read from the data set WORK.TEMP.
NOTE: The data set WORK.TEMP has 36 observations and 13 variables.
NOTE: PROCEDURE SORT used (Total process time):
      real time           0.06 seconds
      cpu time            0.01 seconds
      

12344  data _null_;
12345  file x;
12346  set temp;
12347  by node descending varname;
12348  retain origvar oldnode string;
12349  length origvar $32 oldnode 8 string $200;
12350  if _n_ = 1 then do;
12351  origvar = varname;
12352  oldnode = node;
12353  end;
12354  if first.node then do;
12355  put "&EM_CODEBAR";
12356  put " Node = " node;
12357  put "&EM_CODEBAR";
12358  end;
12359  if first.varname then do;
12360  if RELATION ^in ("=", "ISMISSING", "ISNOTMISSING") then do;
12361  if MISSING(CHARACTER_VALUE) then do;
12362  if NUMERIC_VALUE ne . then do;
12363  if ^first.node then do;
12364  string= "AND "|| strip(varname)||" "||strip(relation)||" "||strip(numeric_value);
12365  end;
12366  else do;
12367  string= "if "|| strip(varname)||" "||strip(relation)||" "||strip(numeric_value);
12368  end;
12369  end;
12370  end;
12371  else do;
12372  if ^first.node then do;
12373  string= "AND "|| strip(varname)||" "||strip(relation)||" "||strip(character_value);
12374  end;
12375  else do;
12376  string= "if "|| strip(varname)||" "||strip(relation)||" "||strip(character_value);
12377  end;
12378  end;
12379  end;
12380  else if RELATION in ("=") then do;
12381  if ^first.node then do;
12382  string = "AND "||strip(varname) ||" IS ONE OF: "||character_value;
12383  end;
12384  else do;
12385  string = "if "|| strip(varname) ||" IS ONE OF: "||character_value;
12386  end;
12387  end;
12388  else if RELATION in ("ISMISSING") then do;
12389  if ^first.node then do;
12390  string = " AND "|| strip(varname) || " equals Missing";
12391  end;
12392  else do;
12393  string = "if "|| strip(varname) ||" equals Missing";
12394  end;
12395  end;
12396  else if RELATION in ("ISNOTMISSING") then do;
12397  if ^first.node then do;
12398  string = " AND "|| strip(varname) || " equals All Values";
12399  end;
12400  else do;
12401  string = "if "|| strip(varname) ||" equals All Values";
12402  end;
12403  end;
12404  if ^missing(varname) then origvar = varname;
12405  oldnode=node;
12406  end;
12407  else do;
12408  if RELATION ^in ("=", "ISMISSING", "ISNOTMISSING") then do;
12409  if MISSING(CHARACTER_VALUE) then do;
12410  if NUMERIC_VALUE ne . then do;
12411  if ^MISSING(string) then string= strip(string)||" AND "|| strip(varname)||" "||strip(relation)||" "||strip(numeric_value);
12412  else string= " if "|| strip(varname)||" "||strip(relation)||" "||strip(numeric_value);
12413  end;
12414  end;
12415  else do;
12416  if ^MISSING(string) then string= strip(string)||" AND "|| strip(varname)||" "||strip(relation)||" "||strip(character_value);
12417  else string= " if "|| strip(varname)||" "||strip(relation)||" "||strip(character_value);
12418  end;
12419  end;
12420  else if RELATION in ("=") then do;
12421  string = strip(string)||", "||strip(character_value);
12422  end;
12423  else if RELATION in ("ISMISSING") then do;
12424  end;
12425  if ^missing(varname) then origvar = varname;
12426  oldnode=node;
12427  end;
12428  if last.varname then do;
12429  if RELATION in ("ISMISSING") then do;
12430  if ^first.varname then do;
12431  string = strip(string) || " or MISSING";
12432  end;
12433  end;
12434  put string;
12435  if ^missing(varname) then origvar = varname;
12436  oldnode=node;
12437  end;
12438  if last.node then do;
12439  put "then ";
12440  put " Tree Node Identifier   = " node;
12441  put " Number of Observations = " NPRIORS;
12442  put " Predicted: _SEGMENT_=2  = " P__SEGMENT_2;
12443  put " Predicted: _SEGMENT_=3  = " P__SEGMENT_3;
12444  put " Predicted: _SEGMENT_=4  = " P__SEGMENT_4;
12445  put " Predicted: _SEGMENT_=1  = " P__SEGMENT_1;
12446  put " ";
12447  if ^missing(varname) then origvar = varname;
12448  oldnode=node;
12449  end;
12450  run;

NOTE: Numeric values have been converted to character values at the places given by: (Line):(Column).
      12364:67    12367:66    12411:108   12412:72    
NOTE: The file X is:
      Filename=C:\Users\tan.joryi\Desktop\p\data_mining\03_explore_data\Gold_Price\Workspaces\EMWS1\Clus\ENGLISHRULES.txt,
      RECFM=V,LRECL=131068,File Size (bytes)=0,
      Last Modified=22 December 2019 19:47:22 o'clock,
      Create Time=30 November 2019 21:11:57 o'clock

NOTE: 96 records were written to the file X.
      The minimum record length was 1.
      The maximum record length was 62.
NOTE: There were 36 observations read from the data set WORK.TEMP.
NOTE: DATA statement used (Total process time):
      real time           0.03 seconds
      cpu time            0.00 seconds
      

12451  filename x;
NOTE: Fileref X has been deassigned.

12452  /* belowtext */
12453  data templabel;
12454  set WORK.OUTRULES_TREE_2N4MNXE;
12455  if ((ROLE="PRIMARY") AND (STAT ="LABEL"));
12456  rename character_value = belowtext;
12457  keep NODE character_value;
12458  run;

NOTE: There were 129 observations read from the data set WORK.OUTRULES_TREE_2N4MNXE.
NOTE: The data set WORK.TEMPLABEL has 0 observations and 2 variables.
NOTE: DATA statement used (Total process time):
      real time           0.03 seconds
      cpu time            0.01 seconds
      

12459  data tempvar;
12460  set WORK.OUTRULES_TREE_2N4MNXE;
12461  if ((ROLE="PRIMARY") AND (STAT="VARIABLE"));
12462  keep NODE character_value;
12463  run;

NOTE: There were 129 observations read from the data set WORK.OUTRULES_TREE_2N4MNXE.
NOTE: The data set WORK.TEMPVAR has 6 observations and 2 variables.
NOTE: DATA statement used (Total process time):
      real time           0.03 seconds
      cpu time            0.03 seconds
      

12464  proc sort data=templabel;
12465  by node;
12466  run;

NOTE: Input data set is empty.
NOTE: The data set WORK.TEMPLABEL has 0 observations and 2 variables.
NOTE: PROCEDURE SORT used (Total process time):
      real time           0.04 seconds
      cpu time            0.00 seconds
      

12467  proc sort data=tempvar;
12468  by node;
12469  run;

NOTE: There were 6 observations read from the data set WORK.TEMPVAR.
NOTE: The data set WORK.TEMPVAR has 6 observations and 2 variables.
NOTE: PROCEDURE SORT used (Total process time):
      real time           0.04 seconds
      cpu time            0.00 seconds
      

12470  data tempbelow;
12471  merge templabel tempvar;
12472  by node;
12473  if missing(belowtext) then belowtext= character_value;
12474  keep node belowtext;
12475  run;

NOTE: There were 0 observations read from the data set WORK.TEMPLABEL.
NOTE: There were 6 observations read from the data set WORK.TEMPVAR.
NOTE: The data set WORK.TEMPBELOW has 6 observations and 2 variables.
NOTE: DATA statement used (Total process time):
      real time           0.04 seconds
      cpu time            0.00 seconds
      

12476  proc sort data=tempbelow;
12477  by node;
12478  run;

NOTE: There were 6 observations read from the data set WORK.TEMPBELOW.
NOTE: The data set WORK.TEMPBELOW has 6 observations and 2 variables.
NOTE: PROCEDURE SORT used (Total process time):
      real time           0.04 seconds
      cpu time            0.01 seconds
      

12479  /* abovetext */
12480  data tempoutrules;
12481  set WORK.OUTRULES_TREE_2N4MNXE;
12482  if ((ROLE='PRIMARY') AND(STAT in ("INTERVAL", "ORDINAL", "NOMINAL")));
12483  run;

NOTE: There were 129 observations read from the data set WORK.OUTRULES_TREE_2N4MNXE.
NOTE: The data set WORK.TEMPOUTRULES has 19 observations and 6 variables.
NOTE: DATA statement used (Total process time):
      real time           0.03 seconds
      cpu time            0.01 seconds
      

12484  proc sort data=tempoutrules;
12485  by node numeric_value;
12486  run;

NOTE: There were 19 observations read from the data set WORK.TEMPOUTRULES.
NOTE: The data set WORK.TEMPOUTRULES has 19 observations and 6 variables.
NOTE: PROCEDURE SORT used (Total process time):
      real time           0.03 seconds
      cpu time            0.00 seconds
      

12487  data tempabove;
12488  set tempoutrules(rename=(node=parent));
12489  by parent numeric_value;
12490  retain abovetext tempstring flag branch origval origchar;
12491  *length abovetext tempstring origchar $45;
12492  length abovetext $256;
12493  length tempstring origchar $64;
12494  if STAT in ("INTERVAL", "ORDINAL") then do;
12495  if first.parent then do;
12496  if missing(character_value) then do;
12497  numeric_value = round(numeric_value, 0.0001);
12498  abovetext = "< "||strip(NUMERIC_VALUE);
12499  branch = 1;
12500  origval = numeric_value;
12501  output;
12502  end;
12503  else do;
12504  abovetext = "< "||strip(CHARACTER_VALUE);
12505  branch = 1;
12506  origchar = character_value;
12507  output;
12508  end;
12509  if first.parent AND last.parent then do;
12510  if missing(character_value) then do;
12511  numeric_value = round(numeric_value, 0.0001);
12512  branch = branch + 1;
12513  abovetext = ">= "||strip(NUMERIC_VALUE);
12514  output;
12515  end;
12516  else do;
12517  branch = branch + 1;
12518  abovetext = ">= "||strip(CHARACTER_VALUE);
12519  output;
12520  end;
12521  end;
12522  end;
12523  else if last.parent then do;
12524  if ( missing(character_value) AND (origval ne numeric_value)) or ( ^missing(character_value) AND (origchar ne character_value)) then do;
12525  if missing(character_value) then do;
12526  numeric_value = round(numeric_value, 0.0001);
12527  abovetext= "[ "||strip(origval)||", "|| strip(numeric_value)||" )";
12528  end;
12529  else do;
12530  abovetext= ">= "||strip(origchar)||" AND < "|| strip(character_value);
12531  end;
12532  branch = branch + 1;
12533  output;
12534  if missing(character_value) then do;
12535  numeric_value = round(numeric_value, 0.0001);
12536  abovetext = ">= "||strip(NUMERIC_VALUE);
12537  end;
12538  else do;
12539  abovetext = ">= "||strip(CHARACTER_VALUE);
12540  end;
12541  branch = branch + 1;
12542  output;
12543  end;
12544  else do;
12545  if missing(character_value) then do;
12546  numeric_value = round(numeric_value, 0.0001);
12547  abovetext = ">= "||strip(NUMERIC_VALUE);
12548  end;
12549  else do;
12550  abovetext = ">= "||strip(CHARACTER_VALUE);
12551  end;
12552  branch = branch + 1;
12553  output;
12554  end;
12555  end;
12556  else do;
12557  if ( missing(character_value) AND (origval ne numeric_value)) or ( ^missing(character_value) AND (origchar ne character_value)) then do;
12558  if missing(character_value) then do;
12559  numeric_value = round(numeric_value,0.0001);
12560  abovetext= "[ "||strip(origval)||", "|| strip(numeric_value)||" )";
12561  origval = numeric_value;
12562  end;
12563  else do;
12564  abovetext= ">= "||strip(origchar)||" AND < "|| strip(character_value);
12565  origchar = character_value;
12566  end;
12567  branch = branch + 1;
12568  output;
12569  end;
12570  else do;
12571  if missing(character_value) then do;
12572  numeric_value = round(numeric_value, 0.0001);
12573  abovetext = ">= "||strip(NUMERIC_VALUE);
12574  origval = numeric_value;
12575  end;
12576  else do;
12577  abovetext = ">= "||strip(CHARACTER_VALUE);
12578  origval = character_value;
12579  end;
12580  branch = branch + 1;
12581  output;
12582  end;
12583  end;
12584  end;
12585  else do;
12586  if first.numeric_value then do;
12587  flag = 0;
12588  abovetext = CHARACTER_VALUE;
12589  branch = numeric_value;
12590  if first.numeric_value AND last.numeric_value then do;
12591  output;
12592  end;
12593  end;
12594  else if last.numeric_value then do;
12595  if flag=0 then do;
12596  tempstring = strip(abovetext)||", "||CHARACTER_VALUE;
12597  length = length(strip(tempstring));
12598  if length < 32 then do;
12599  abovetext = strip(tempstring);
12600  end;
12601  else do;
12602  abovetext = strip(abovetext)||", ...";
12603  flag = 1;
12604  end;
12605  end;
12606  branch = numeric_value;
12607  output;
12608  end;
12609  else do;
12610  if flag=0 then do;
12611  tempstring = strip(abovetext)||", "||CHARACTER_VALUE;
12612  length = length(strip(tempstring));
12613  if length < 32 then do;
12614  abovetext = strip(tempstring);
12615  end;
12616  else do;
12617  abovetext = strip(abovetext)||", ...";
12618  flag=1;
12619  end;
12620  end;
12621  branch = numeric_value;
12622  end;
12623  end;
12624  keep parent branch abovetext;
12625  run;

NOTE: Numeric values have been converted to character values at the places given by: (Line):(Column).
      12498:25   12513:26   12527:24   12527:47   12536:26   12547:26   12560:24   12560:47   12573:26   
NOTE: Character values have been converted to numeric values at the places given by: (Line):(Column).
      12578:11   
NOTE: There were 19 observations read from the data set WORK.TEMPOUTRULES.
NOTE: The data set WORK.TEMPABOVE has 12 observations and 3 variables.
NOTE: DATA statement used (Total process time):
      real time           0.03 seconds
      cpu time            0.00 seconds
      

12626  /* MIssing value to abovetext */
12627  data tempmissing;
12628  set WORK.OUTRULES_TREE_2N4MNXE;
12629  if ((ROLE="PRIMARY") AND (STAT in ("MISSING")));
12630  rename node=parent numeric_value=branch character_value=misschar;
12631  run;

NOTE: There were 129 observations read from the data set WORK.OUTRULES_TREE_2N4MNXE.
NOTE: The data set WORK.TEMPMISSING has 6 observations and 6 variables.
NOTE: DATA statement used (Total process time):
      real time           0.03 seconds
      cpu time            0.01 seconds
      

12632  proc sort data=work.tempabove;
12633  by parent branch;
12634  run;

NOTE: There were 12 observations read from the data set WORK.TEMPABOVE.
NOTE: The data set WORK.TEMPABOVE has 12 observations and 3 variables.
NOTE: PROCEDURE SORT used (Total process time):
      real time           0.04 seconds
      cpu time            0.00 seconds
      

12635  proc sort data=EMWS1.Clus_OUTNODES out=tempoutnodes;
12636  by parent branch;
12637  run;

NOTE: There were 13 observations read from the data set EMWS1.CLUS_OUTNODES.
NOTE: The data set WORK.TEMPOUTNODES has 13 observations and 24 variables.
NOTE: PROCEDURE SORT used (Total process time):
      real time           0.03 seconds
      cpu time            0.01 seconds
      

12638  proc sort data=tempmissing;
12639  by parent branch;
12640  run;

NOTE: There were 6 observations read from the data set WORK.TEMPMISSING.
NOTE: The data set WORK.TEMPMISSING has 6 observations and 6 variables.
NOTE: PROCEDURE SORT used (Total process time):
      real time           0.04 seconds
      cpu time            0.00 seconds
      

12641  data WORK.Clus_outnodes;
12642  merge work.tempabove tempoutNodes(drop=abovetext ) tempmissing(in=_a);
12643  by parent branch;
12644  length traintotal validtotal 8;
12645  retain traintotal validtotal;
12646  if _a then do;
12647  if ^MISSING(abovetext) then do;
12648  abovetext= strip(abovetext)||" %sysfunc(sasmsg(sashelp.dmine, tree_ormiss_vlabel, noquote))";
12649  end;
12650  else do;
12651  abovetext = " %sysfunc(sasmsg(sashelp.dmine, tree_missonly_vlabel, noquote))";
12652  end;
12653  end;
12654  if MISSING(abovetext) then abovetext="%sysfunc(sasmsg(sashelp.dmine, tree_nonmiss_vlabel, noquote))";
12655  if node=1 then do;
12656  traintotal = N;
12657  validtotal=VN;
12658  end;
12659  label traintotal = "%sysfunc(sasmsg(sashelp.dmine,  rpt_traintotal_vlabel, noquote))";
12660  drop role rank stat misschar belowtext;
12661  run;

NOTE: Variable VN is uninitialized.
NOTE: There were 12 observations read from the data set WORK.TEMPABOVE.
NOTE: There were 13 observations read from the data set WORK.TEMPOUTNODES.
NOTE: There were 6 observations read from the data set WORK.TEMPMISSING.
NOTE: The data set WORK.CLUS_OUTNODES has 13 observations and 26 variables.
NOTE: DATA statement used (Total process time):
      real time           0.16 seconds
      cpu time            0.04 seconds
      

12662  proc sort data=WORK.Clus_outnodes;
12663  by node;
12664  run;

NOTE: There were 13 observations read from the data set WORK.CLUS_OUTNODES.
NOTE: The data set WORK.CLUS_OUTNODES has 13 observations and 26 variables.
NOTE: PROCEDURE SORT used (Total process time):
      real time           0.04 seconds
      cpu time            0.00 seconds
      

12665  proc sort data=tempbelow;
12666  by node;
12667  run;

NOTE: Input data set is already sorted, no sorting done.
NOTE: PROCEDURE SORT used (Total process time):
      real time           0.01 seconds
      cpu time            0.00 seconds
      

12668  data WORK.Clus_outnodes;
12669  merge WORK.Clus_outnodes tempbelow;
12670  by node;
12671  run;

NOTE: There were 13 observations read from the data set WORK.CLUS_OUTNODES.
NOTE: There were 6 observations read from the data set WORK.TEMPBELOW.
NOTE: The data set WORK.CLUS_OUTNODES has 13 observations and 27 variables.
NOTE: DATA statement used (Total process time):
      real time           0.06 seconds
      cpu time            0.01 seconds
      

NOTE: There were 1823 observations read from the data set EMWS1.FIMPORT3_DATA.
NOTE: There were 1823 observations read from the data set EMWS1.FIMPORT3_TRAIN.
NOTE: View EMWS1.EM_CLUS.VIEW used (Total process time):
      real time           0.21 seconds
      cpu time            0.18 seconds
      
NOTE: There were 1823 observations read from the data set EMWS1.CLUS_TRAIN.
12672  data tempoutstats;
12673  set WORK.OUTSTATS_TREE_2N4MNXE;
12674  length tarlevel $8;
12675  tarlevel ="NOMINAL";
12676  run;

NOTE: There were 78 observations read from the data set WORK.OUTSTATS_TREE_2N4MNXE.
NOTE: The data set WORK.TEMPOUTSTATS has 78 observations and 6 variables.
NOTE: DATA statement used (Total process time):
      real time           0.04 seconds
      cpu time            0.00 seconds
      

12677  data EMWS1.Clus_TREE_PLOT;
12678  length NODETEXT TEXTALL $800 N NODECOLOR 8;
12679  set WORK.Clus_outnodes;
12680  label parent = "%sysfunc(sasmsg(sashelp.dmine, rpt_parentID_vlabel, noquote))" depth = "%sysfunc(sasmsg(sashelp.dmine, rpt_depth_vlabel, noquote))" belowtext= "%sysfunc(sasmsg(sashelp.dmine, rpt_belowtext_vlabel, noquote))" abovetext =
12681     "%sysfunc(sasmsg(sashelp.dmine, rpt_abovetext_vlabel, noquote))" linkwidth = "%sysfunc(sasmsg(sashelp.dmine, rpt_linkwidth_vlabel, noquote))" nodetext = "%sysfunc(sasmsg(sashelp.dmine, rpt_nodetext_vlabel, noquote))" textall =
12682     "%sysfunc(sasmsg(sashelp.dmine, rpt_textall_vlabel, noquote))" N = "%sysfunc(sasmsg(sashelp.dmine, rpt_trainn_vlabel, noquote))" nodecolor = "%sysfunc(sasmsg(sashelp.dmine, rpt_nodecolor_vlabel, noquote))" node =
12683     "%sysfunc(sasmsg(sashelp.dmine, rpt_node_vlabel, noquote))";
12684  keep NODE PARENT DEPTH BELOWTEXT ABOVETEXT LINKWIDTH NODETEXT TEXTALL N NODECOLOR;
12685  run;

NOTE: Variable TEXTALL is uninitialized.
NOTE: Variable NODECOLOR is uninitialized.
NOTE: There were 13 observations read from the data set WORK.CLUS_OUTNODES.
NOTE: The data set EMWS1.CLUS_TREE_PLOT has 13 observations and 10 variables.
NOTE: DATA statement used (Total process time):
      real time           0.19 seconds
      cpu time            0.09 seconds
      

12686  proc sort data=EMWS1.Clus_TREE_PLOT;
12687  by node;
12688  run;

NOTE: There were 13 observations read from the data set EMWS1.CLUS_TREE_PLOT.
NOTE: The data set EMWS1.CLUS_TREE_PLOT has 13 observations and 10 variables.
NOTE: PROCEDURE SORT used (Total process time):
      real time           0.04 seconds
      cpu time            0.00 seconds
      

12689  proc sort data=tempoutstats;
12690  by node;
12691  run;

NOTE: There were 78 observations read from the data set WORK.TEMPOUTSTATS.
NOTE: The data set WORK.TEMPOUTSTATS has 78 observations and 6 variables.
NOTE: PROCEDURE SORT used (Total process time):
      real time           0.06 seconds
      cpu time            0.03 seconds
      

12692  data EMWS1.Clus_TREE_PLOT;
12693  merge EMWS1.Clus_TREE_PLOT tempoutstats;
12694  length text $800 _RASE_ P__SEGMENT_2 8;
12695  retain P__SEGMENT_2 eventlevel;
12696  by node;
12697  if statname='N' then N=statvalue;
12698  if statname='NPRIORS' then N=statvalue;
12699  if statname='PREDICTION' then eventlevel=category;
12700  _RASE_ = .;
12701  if tarlevel ^= 'INTERVAL' then do;
12702  if STATNAME = 'PROBABILITY' then do;
12703  if CATEGORY=EVENTLEVEL then do;
12704  nodetext = right(put(strip(CATEGORY)||':', $12.))|| right(put(STATVALUE, percent13.1));
12705  text = right(put(strip(CATEGORY)||':', $12.))|| right(put(STATVALUE, percent13.1));
12706  P__SEGMENT_2 = round(STATVALUE, .01);
12707  end;
12708  else do;
12709  text = right(put(strip(CATEGORY)||':', $12.))|| right(put(STATVALUE, percent13.1));
12710  end;
12711  textall = strip(textall)||'0A'x||strip( text);
12712  end;
12713  if last.node then do;
12714  nodetext = trim(nodetext)||'0A'x||" %sysfunc(sasmsg(sashelp.dmine, rpt_rptcount_vlabel, noquote )):"|| put(N, 13.);
12715  textall = trim(textall)||'0A'x||" %sysfunc(sasmsg(sashelp.dmine, rpt_rptcount_vlabel, noquote )):"|| put(N, 13.);
12716  output EMWS1.Clus_TREE_PLOT;
12717  end;
12718  end;
12719  else do;
12720  if statname='RASE' then _RASE_=statvalue;
12721  label _RASE_ = "%sysfunc(sasmsg(sashelp.dmine, rpt_trase_vlabel, noquote))";
12722  if STATNAME = 'PREDICTION' then do;
12723  nodetext= "%sysfunc(sasmsg(sashelp.dmine, rpt_average_vlabel, noquote))"|| put(STATVALUE, 13.4)||'0A'x|| "%sysfunc(sasmsg(sashelp.dmine, rpt_rptcount_vlabel, noquote )):"|| put(N, 13.);
12724  textall = nodetext;
12725  P__SEGMENT_2 = STATVALUE;
12726  ;
12727  ;
12728  end;
12729  if last.node then do;
12730  output EMWS1.Clus_TREE_PLOT;
12731  end;
12732  ;
12733  end;
12734  label P__SEGMENT_2 = "%sysfunc(sasmsg(sashelp.dmine, rpt_predictedvar_vlabel, noquote))";
12735  keep NODE PARENT DEPTH BELOWTEXT ABOVETEXT LINKWIDTH NODETEXT TEXTALL N NODECOLOR _RASE_ P__SEGMENT_2;
12736  run;

NOTE: There were 13 observations read from the data set EMWS1.CLUS_TREE_PLOT.
NOTE: There were 78 observations read from the data set WORK.TEMPOUTSTATS.
NOTE: The data set EMWS1.CLUS_TREE_PLOT has 13 observations and 12 variables.
NOTE: DATA statement used (Total process time):
      real time           0.16 seconds
      cpu time            0.04 seconds
      

12737  data tempcolor;
12738  set WORK.OUTSTATS_TREE_2N4MNXE;
12739  retain eventlevel;
12740  if STATNAME='PREDICTION' then eventlevel=CATEGORY;
12741  run;

NOTE: There were 78 observations read from the data set WORK.OUTSTATS_TREE_2N4MNXE.
NOTE: The data set WORK.TEMPCOLOR has 78 observations and 6 variables.
NOTE: DATA statement used (Total process time):
      real time           0.03 seconds
      cpu time            0.00 seconds
      

12742  data tempcolor;
12743  set tempcolor;
12744  if 'NOMINAL' ne 'INTERVAL' then do;
12745  if CATEGORY=EVENTLEVEL AND STATNAME="PROBABILITY";
12746  end;
12747  else do;
12748  if STATNAME="PREDICTION";
12749  end;
12750  run;

NOTE: There were 78 observations read from the data set WORK.TEMPCOLOR.
NOTE: The data set WORK.TEMPCOLOR has 13 observations and 6 variables.
NOTE: DATA statement used (Total process time):
      real time           0.04 seconds
      cpu time            0.01 seconds
      

12751  data tempcolor;
12752  set tempcolor;
12753  length nodecolor 8;
12754  if 'NOMINAL' ne 'INTERVAL' then do;
12755  nodecolor = round(100*(STATVALUE), .01);
12756  end;
12757  else do;
12758  nodecolor=round(statvalue, .01);
12759  end;
12760  keep node nodecolor;
12761  run;

NOTE: There were 13 observations read from the data set WORK.TEMPCOLOR.
NOTE: The data set WORK.TEMPCOLOR has 13 observations and 2 variables.
NOTE: DATA statement used (Total process time):
      real time           0.04 seconds
      cpu time            0.03 seconds
      

12762  proc sort data=EMWS1.Clus_TREE_PLOT;
12763  by node;
12764  run;

NOTE: There were 13 observations read from the data set EMWS1.CLUS_TREE_PLOT.
NOTE: The data set EMWS1.CLUS_TREE_PLOT has 13 observations and 12 variables.
NOTE: PROCEDURE SORT used (Total process time):
      real time           0.04 seconds
      cpu time            0.01 seconds
      

12765  proc sort data=tempcolor;
12766  by node;
12767  run;

NOTE: There were 13 observations read from the data set WORK.TEMPCOLOR.
NOTE: The data set WORK.TEMPCOLOR has 13 observations and 2 variables.
NOTE: PROCEDURE SORT used (Total process time):
      real time           0.04 seconds
      cpu time            0.01 seconds
      

12768  data EMWS1.Clus_TREE_PLOT;
12769  merge EMWS1.Clus_TREE_PLOT tempcolor;
12770  by node;
12771  length traintotal 8;
12772  retain traintotal;
12773  label traintotal = "%sysfunc(sasmsg(sashelp.dmine,  rpt_traintotal_vlabel, noquote))";
12774  if node=1 then do;
12775  traintotal = N;
12776  end;
12777  if NODE eq . then delete;
12778  run;

NOTE: There were 13 observations read from the data set EMWS1.CLUS_TREE_PLOT.
NOTE: There were 13 observations read from the data set WORK.TEMPCOLOR.
NOTE: The data set EMWS1.CLUS_TREE_PLOT has 13 observations and 13 variables.
NOTE: DATA statement used (Total process time):
      real time           0.07 seconds
      cpu time            0.03 seconds
      

12779  data EMWS1.Clus_TREE_PLOT;
12780  set EMWS1.Clus_TREE_PLOT;
12781  textall = "%sysfunc(sasmsg(sashelp.dmine, rpt_nodeId_vlabel, noquote, )):"|| put(Node, 13.)||'0A'x||trim(textall);
12782  run;

NOTE: There were 13 observations read from the data set EMWS1.CLUS_TREE_PLOT.
NOTE: The data set EMWS1.CLUS_TREE_PLOT has 13 observations and 13 variables.
NOTE: DATA statement used (Total process time):
      real time           0.06 seconds
      cpu time            0.01 seconds
      

12783  data tempout;
12784  set WORK.Clus_outnodes;
12785  run;

NOTE: There were 13 observations read from the data set WORK.CLUS_OUTNODES.
NOTE: The data set WORK.TEMPOUT has 13 observations and 27 variables.
NOTE: DATA statement used (Total process time):
      real time           0.01 seconds
      cpu time            0.00 seconds
      

12786  proc sort data=tempout;
12787  by descending P__SEGMENT_2;
12788  run;

NOTE: There were 13 observations read from the data set WORK.TEMPOUT.
NOTE: The data set WORK.TEMPOUT has 13 observations and 27 variables.
NOTE: PROCEDURE SORT used (Total process time):
      real time           0.04 seconds
      cpu time            0.03 seconds
      

12789  data tree_temp;
12790  set tempout;
12791  if LEAF ne .;
12792  label index="%sysfunc(sasmsg(sashelp.dmine, rpt_leafindex_vlabel  , NOQUOTE))";
12793  label percevent_train = "%sysfunc(sasmsg(sashelp.dmine, rpt_perc_train_vlabel  , NOQUOTE))";
12794  label perc_train = "%sysfunc(sasmsg(sashelp.dmine, rpt_percevent_train_vlabel  , NOQUOTE))";
12795  label tprob="%sysfunc(sasmsg(sashelp.dmine, rpt_prob_vlabel  , NOQUOTE, %nrbquote()))";
12796  tprob = round(P__SEGMENT_2, .01);
12797  percevent_train = round ( tprob*100, .01);
12798  *perc_train =round( ( N / traintotal)*100, .001);
12799  perc_train =round( ( N / traintotal), .01);
12800  if missing(perc_train) then perc_train = round( linkwidth*100, .001);
12801  index = _n_;
12802  keep NODE index tprob perc_train percevent_train
12803  ;
12804  run;

NOTE: There were 13 observations read from the data set WORK.TEMPOUT.
NOTE: The data set WORK.TREE_TEMP has 7 observations and 5 variables.
NOTE: DATA statement used (Total process time):
      real time           0.09 seconds
      cpu time            0.03 seconds
      

12805  proc sort data=tree_temp;
12806  by NODE;
12807  run;

NOTE: There were 7 observations read from the data set WORK.TREE_TEMP.
NOTE: The data set WORK.TREE_TEMP has 7 observations and 5 variables.
NOTE: PROCEDURE SORT used (Total process time):
      real time           0.06 seconds
      cpu time            0.00 seconds
      

12808  proc sort data=EMWS1.Clus_TREE_PLOT;
12809  by NODE;
12810  run;

NOTE: There were 13 observations read from the data set EMWS1.CLUS_TREE_PLOT.
NOTE: The data set EMWS1.CLUS_TREE_PLOT has 13 observations and 13 variables.
NOTE: PROCEDURE SORT used (Total process time):
      real time           0.04 seconds
      cpu time            0.03 seconds
      

12811  data EMWS1.Clus_TREE_PLOT;
12812  merge EMWS1.Clus_TREE_PLOT tree_temp;
12813  by NODE;
12814  run;

NOTE: There were 13 observations read from the data set EMWS1.CLUS_TREE_PLOT.
NOTE: There were 7 observations read from the data set WORK.TREE_TEMP.
NOTE: The data set EMWS1.CLUS_TREE_PLOT has 13 observations and 17 variables.
NOTE: DATA statement used (Total process time):
      real time           0.04 seconds
      cpu time            0.00 seconds
      

12815  proc sort data=EMWS1.Clus_TREE_PLOT;
12816  by node index;
12817  run;

NOTE: There were 13 observations read from the data set EMWS1.CLUS_TREE_PLOT.
NOTE: The data set EMWS1.CLUS_TREE_PLOT has 13 observations and 17 variables.
NOTE: PROCEDURE SORT used (Total process time):
      real time           0.04 seconds
      cpu time            0.03 seconds
      

12818  title9 ' ';
12819  title10 "%sysfunc(sasmsg(sashelp.dmine, rpt_VariableImportance_title, NOQUOTE))";
12820  proc print data=EMWS1.Clus_OUTIMPORT(where=(IMPORTANCE>0)) noobs label;
12821  run;

NOTE: There were 5 observations read from the data set EMWS1.CLUS_OUTIMPORT.
      WHERE IMPORTANCE>0;
NOTE: The PROCEDURE PRINT printed page 2.
NOTE: PROCEDURE PRINT used (Total process time):
      real time           0.01 seconds
      cpu time            0.01 seconds
      

12822  title10;

12823  data WORK.M0YHINE7;
12824  set WORK.M0YHINE7;
12825  if role eq 'REJECTED' then role = 'INPUT';
12826  run;

NOTE: There were 12 observations read from the data set WORK.M0YHINE7.
NOTE: The data set WORK.M0YHINE7 has 12 observations and 21 variables.
NOTE: DATA statement used (Total process time):
      real time           0.03 seconds
      cpu time            0.01 seconds
      

12827  proc sort data=EMWS1.Clus_OUTIMPORT out=WORK.Clus_GRAPHVARS(keep=NAME);
12828  where IMPORTANCE>0;
12829  by NAME;
12830  run;

NOTE: There were 5 observations read from the data set EMWS1.CLUS_OUTIMPORT.
      WHERE IMPORTANCE>0;
NOTE: The data set WORK.CLUS_GRAPHVARS has 5 observations and 1 variables.
NOTE: PROCEDURE SORT used (Total process time):
      real time           0.04 seconds
      cpu time            0.01 seconds
      

12831  proc sort data = WORK.M0YHINE7;
12832  by NAME;
12833  run;

NOTE: There were 12 observations read from the data set WORK.M0YHINE7.
NOTE: The data set WORK.M0YHINE7 has 12 observations and 21 variables.
NOTE: PROCEDURE SORT used (Total process time):
      real time           0.06 seconds
      cpu time            0.00 seconds
      

12834  data WORK.M0YHINE7;
12835  merge WORK.M0YHINE7 WORK.Clus_GRAPHVARS(in=_b_);
12836  by NAME;
12837  if _b_ or ROLE = "FREQ" or REPORT="Y" then output;
12838  run;

NOTE: There were 12 observations read from the data set WORK.M0YHINE7.
NOTE: There were 5 observations read from the data set WORK.CLUS_GRAPHVARS.
NOTE: The data set WORK.M0YHINE7 has 5 observations and 21 variables.
NOTE: DATA statement used (Total process time):
      real time           0.06 seconds
      cpu time            0.01 seconds
      

12839  data WORK.M0YHINE7;
12840  set WORK.M0YHINE7 end=_eof_ nobs=_nobs_;
12841  output;
12842  if _eof_ then do;
12843  name = '_SEGMENT_';
12844  ROLE = 'BY';
12845  LEVEL = 'NOMINAL';
12846  LABEL = 'Segment Variable';
12847  TYPE = 'N';
12848  FORMAT = '';
12849  INFORMAT = '';
12850  output;
12851  end;
12852  run;

NOTE: There were 5 observations read from the data set WORK.M0YHINE7.
NOTE: The data set WORK.M0YHINE7 has 6 observations and 21 variables.
NOTE: DATA statement used (Total process time):
      real time           0.04 seconds
      cpu time            0.01 seconds
      

12855  ods listing close;
12856  ods output crosstabfreqs=WORK.TEMPFREQ;
12857  proc freq data = EMWS1.Clus_TRAIN order=formatted addnames;
12858  table all_day_maintain * _SEGMENT_ / missing;
12859  table closing_at_daily_high * _SEGMENT_ / missing;
12860  table closing_at_daily_low * _SEGMENT_ / missing;
12861  table day * _SEGMENT_ / missing;
12862  table open_equals_closing * _SEGMENT_ / missing;
12863  run;

NOTE: There were 1823 observations read from the data set EMWS1.FIMPORT3_DATA.
NOTE: View EMWS1.CLUS_TRAIN.VIEW used (Total process time):
      real time           0.35 seconds
      cpu time            0.09 seconds
      
NOTE: There were 1823 observations read from the data set EMWS1.FIMPORT3_TRAIN.
NOTE: The data set WORK.TEMPFREQ has 100 observations and 16 variables.
NOTE: There were 1823 observations read from the data set EMWS1.CLUS_TRAIN.
NOTE: PROCEDURE FREQ used (Total process time):
      real time           0.46 seconds
      cpu time            0.14 seconds
      

12864  quit;
12865  ods listing;
12866  data EMWS1.Clus_PROFILE(keep=_VARIABLE_ _SEGMENT_ TYPE COUNT PERCENT _X_ _XLABEL_);
12867  label _VARIABLE_ = "%sysfunc(sasmsg(sashelp.dmine, rpt_variable_vlabel, NOQUOTE))" _SEGMENT_ = "Segment Variable" Type = "%sysfunc(sasmsg(sashelp.dmine, rpt_type_vlabel,         NOQUOTE))" _X_ =
12868     "%sysfunc(sasmsg(sashelp.dmine, rpt_numValue_vlabel, NOQUOTE))" _XLABEL_ = "%sysfunc(sasmsg(sashelp.dmine, rpt_fmtValue_vlabel ,    NOQUOTE))" COUNT = "%sysfunc(sasmsg(sashelp.dmine, rpt_count_vlabel,        NOQUOTE))" PERCENT =
12869     "%sysfunc(sasmsg(sashelp.dmine, rpt_percent_vlabel,      NOQUOTE))";
12870  dsid = open("WORK.TEMPFREQ");
12871  varnum = varnum(dsid, 'ROWVARIABLE');
12872  freqnum = varnum(dsid, 'FREQUENCY');
12873  pvarnum = varnum(dsid, 'PERCENT');
12874  typenum = varnum(dsid, '_TYPE_');
12875  bynum = varnum(dsid, "_SEGMENT_");
12876  length varformat _VARIABLE_ $32 _XLABEL_ $32 TYPE $1;
12877  do while(^fetch(dsid));
12878  count = getvarn(dsid, freqnum);
12879  percent = getvarn(dsid, pvarnum);
12880  _VARIABLE_ = strip(getvarc(dsid, varnum));
12881  varblnum = varnum(dsid, _VARIABLE_);
12882  _SEGMENT_ = getvarn(dsid, bynum);
12883  type = vartype(dsid, varblnum);
12884  varformat = varfmt(dsid, varblnum);
12885  if varformat eq '' then varformat = 'best12.';
12886  _X_=.;
12887  if type = 'N' then do;
12888  _X_ = getvarn(dsid, varblnum);
12889  _XLABEL_ = left(putn(_X_, varformat));
12890  end;
12891  else _XLABEL_ = getvarc(dsid, varblnum);
12892  if getvarc(dsid, typenum) = '11' then output;
12893  end;
12894  dsid = close(dsid);
12895  run;

NOTE: The data set EMWS1.CLUS_PROFILE has 60 observations and 7 variables.
NOTE: DATA statement used (Total process time):
      real time           0.12 seconds
      cpu time            0.01 seconds
      

12896  proc sort data=EMWS1.Clus_PROFILE NOTHREADS;
12897  by _VARIABLE_ _SEGMENT_;
12898  run;

NOTE: There were 60 observations read from the data set EMWS1.CLUS_PROFILE.
NOTE: The data set EMWS1.CLUS_PROFILE has 60 observations and 7 variables.
NOTE: PROCEDURE SORT used (Total process time):
      real time           0.03 seconds
      cpu time            0.01 seconds
      

12899  proc means data=EMWS1.Clus_PROFILE noprint missing NWAY;
12900  class _VARIABLE_ _SEGMENT_;
12901  var COUNT;
12902  output out=WORK.Clus_STATCOUNT(keep=_SEGMENT_ _VARIABLE_ SUM) SUM=SUM;
12903  run;

NOTE: There were 60 observations read from the data set EMWS1.CLUS_PROFILE.
NOTE: The data set WORK.CLUS_STATCOUNT has 20 observations and 3 variables.
NOTE: PROCEDURE MEANS used (Total process time):
      real time           0.09 seconds
      cpu time            0.04 seconds
      

12904  proc sort data=WORK.Clus_STATCOUNT NOTHREADS;
12905  by _VARIABLE_ _SEGMENT_;
12906  run;

NOTE: There were 20 observations read from the data set WORK.CLUS_STATCOUNT.
NOTE: The data set WORK.CLUS_STATCOUNT has 20 observations and 3 variables.
NOTE: PROCEDURE SORT used (Total process time):
      real time           0.06 seconds
      cpu time            0.00 seconds
      

12907  data EMWS1.Clus_PROFILE(drop=SUM);
12908  label BYPERCENT= "%sysfunc(sasmsg(sashelp.dmine, rpt_percent_vlabel, NOQUOTE, _SEGMENT_))";
12909  merge EMWS1.Clus_PROFILE WORK.Clus_STATCOUNT;
12910  by _VARIABLE_ _SEGMENT_;
12911  if SUM ne . then BYPERCENT = 100*COUNT/SUM;
12912  run;

NOTE: There were 60 observations read from the data set EMWS1.CLUS_PROFILE.
NOTE: There were 20 observations read from the data set WORK.CLUS_STATCOUNT.
NOTE: The data set EMWS1.CLUS_PROFILE has 60 observations and 8 variables.
NOTE: DATA statement used (Total process time):
      real time           0.06 seconds
      cpu time            0.01 seconds
      

12913  proc sort data=EMWS1.Clus_PROFILE NOTHREADS;
12914  by _VARIABLE_;
12915  run;

NOTE: There were 60 observations read from the data set EMWS1.CLUS_PROFILE.
NOTE: The data set EMWS1.CLUS_PROFILE has 60 observations and 8 variables.
NOTE: PROCEDURE SORT used (Total process time):
      real time           0.04 seconds
      cpu time            0.01 seconds
      

12916  proc sort data=WORK.M0YHINE7;
12917  by Name;
12918  run;

NOTE: There were 6 observations read from the data set WORK.M0YHINE7.
NOTE: The data set WORK.M0YHINE7 has 6 observations and 21 variables.
NOTE: PROCEDURE SORT used (Total process time):
      real time           0.04 seconds
      cpu time            0.01 seconds
      

12919  data EMWS1.Clus_PROFILE;
12920  merge EMWS1.Clus_PROFILE(in=_a) WORK.M0YHINE7(keep=Name Label Role rename=(Name=_Variable_ Label=_Label_));
12921  by _Variable_;
12922  label Role = "%sysfunc(sasmsg(sashelp.dmine, meta_role_vlabel ,  NOQUOTE))";
12923  label Label = "%sysfunc(sasmsg(sashelp.dmine, meta_label_vlabel , NOQUOTE))";
12924  if _a then output;
12925  run;

NOTE: Variable Label is uninitialized.
WARNING: Multiple lengths were specified for the BY variable _VARIABLE_ by input data sets. This might cause unexpected results.
NOTE: There were 60 observations read from the data set EMWS1.CLUS_PROFILE.
NOTE: There were 6 observations read from the data set WORK.M0YHINE7.
NOTE: The data set EMWS1.CLUS_PROFILE has 60 observations and 10 variables.
NOTE: DATA statement used (Total process time):
      real time           0.07 seconds
      cpu time            0.03 seconds
      

12926  proc sort data=EMWS1.Clus_PROFILE;
12927  by _SEGMENT_ _VARIABLE_ _X_;
12928  run;

NOTE: There were 60 observations read from the data set EMWS1.CLUS_PROFILE.
NOTE: The data set EMWS1.CLUS_PROFILE has 60 observations and 10 variables.
NOTE: PROCEDURE SORT used (Total process time):
      real time           0.03 seconds
      cpu time            0.00 seconds
      

12929  data EMWS1.Clus_PROFILE(rename=(_VARIABLE_=Variable _X_=NumericValue _XLABEL_=FmtValue));
12930  set EMWS1.Clus_PROFILE;
12931  retain orderedValue 0;
12932  label OrderedValue = "%sysfunc(sasmsg(sashelp.dmine, rpt_OrderedValue_vlabel, NOQUOTE))";
12933  by _SEGMENT_ _VARIABLE_;
12934  if first._variable_ then orderedValue=1;
12935  else orderedValue+1;
12936  run;

NOTE: There were 60 observations read from the data set EMWS1.CLUS_PROFILE.
NOTE: The data set EMWS1.CLUS_PROFILE has 60 observations and 11 variables.
NOTE: DATA statement used (Total process time):
      real time           0.06 seconds
      cpu time            0.01 seconds
      

12937  proc transpose data=EMWS1.Clus_OUTVAR out=WORK.Clus_OUTVAR(where=(COL1 ^in('IMPUTED','OMITTED')));
12938  var all_day_maintain0--open_equals_closing1;
12939  where _TYPE_ in('TYPE' 'VARIABLE');
12940  run;

NOTE: There were 2 observations read from the data set EMWS1.CLUS_OUTVAR.
      WHERE _TYPE_ in ('TYPE', 'VARIABLE');
NOTE: The data set WORK.CLUS_OUTVAR has 27 observations and 4 variables.
NOTE: PROCEDURE TRANSPOSE used (Total process time):
      real time           0.10 seconds
      cpu time            0.03 seconds
      

12941  *------------------------------------------------------------* ;
12942  * Clus: DMVQ Variables;
12943  *------------------------------------------------------------* ;
12944  %macro dmvqvars;
12945      all_day_maintain0 all_day_maintain1 closing_at_daily_high0
12946     closing_at_daily_high1 closing_at_daily_low0 closing_at_daily_low1 dayFriday
12947     dayMonday daySaturday daySunday dayThursday dayTuesday dayWednesday monthApril
12948     monthAugust monthDecember monthFebruary monthJanuary monthJuly monthJune
12949     monthMarch monthMay monthNovember monthOctober monthSeptember
12950     open_equals_closing0 open_equals_closing1
12951  %mend ;
12952  
12953  

12954  data WORK.Clus_temp;
12955  set EMWS1.Clus_OUTMEAN;
12956  _idvar_=left(put(_SEGMENT_,4.));
12957  run;

NOTE: There were 4 observations read from the data set EMWS1.CLUS_OUTMEAN.
NOTE: The data set WORK.CLUS_TEMP has 4 observations and 37 variables.
NOTE: DATA statement used (Total process time):
      real time           0.04 seconds
      cpu time            0.01 seconds
      

12958  proc distance data=WORK.Clus_temp out=EMWS1.Clus_DISTANCE method=l(2) shape=square;
12959  id _idvar_;
12960  var interval(%dmvqvars);
12961  run;

NOTE: The data set EMWS1.CLUS_DISTANCE has 4 observations and 5 variables.
NOTE: PROCEDURE DISTANCE used (Total process time):
      real time           0.17 seconds
      cpu time            0.04 seconds
      

12962  proc mds data=EMWS1.Clus_DISTANCE out=WORK.Clus_mds level=absolute nohist shape=square dim=3;
12963  object _idvar_;
12964  run;

NOTE: Convergence assumed because the badness-of-fit criterion 6.222664E-17 is less than or equal to MINCRIT=1E-6.
NOTE: The data set WORK.CLUS_MDS has 5 observations and 8 variables.
NOTE: PROCEDURE MDS used (Total process time):
      real time           0.06 seconds
      cpu time            0.01 seconds
      

12965  quit;
12966  data WORK.Clus_mds;
12967  set WORK.Clus_mds;
12968  if _type_ ne 'CONFIG' then delete;
12969  run;

NOTE: There were 5 observations read from the data set WORK.CLUS_MDS.
NOTE: The data set WORK.CLUS_MDS has 4 observations and 8 variables.
NOTE: DATA statement used (Total process time):
      real time           0.04 seconds
      cpu time            0.01 seconds
      

12970  data WORK.Clus_mds(label="&label" keep=_idvar_ _radius_ dim1 dim2 dim3);
WARNING: Apparent symbolic reference LABEL not resolved.
12971  merge WORK.Clus_temp WORK.Clus_mds;
12972  run;

NOTE: There were 4 observations read from the data set WORK.CLUS_TEMP.
NOTE: There were 4 observations read from the data set WORK.CLUS_MDS.
NOTE: The data set WORK.CLUS_MDS has 4 observations and 5 variables.
NOTE: DATA statement used (Total process time):
      real time           0.04 seconds
      cpu time            0.03 seconds
      

12973  options nodate;
12974  title1 "%sysfunc(sasmsg(sashelp.dmine, rpt_ClusterDistance_title, NOQUOTE))";
12975  %plotit(data=WORK.Clus_mds, datatype=mds, radii=_radius_, labelvar=_idvar_, symtype=circle, symbols='*', gout=WORK.Clus, gname=DISTANCE, gopts2=nodisplay, gopts=device=GIF, gopplot=cback=white, titlecol=black, labelcol=black, tickcol=black,
12976     framecol=black, post=C:\Users\TAN~1.JOR\AppData\Local\Temp\SAS Temporary Files\_TD188632_H5CG9074SNT_\plotit.ps);

                                                                                                                    Types Legend  | CONFIG
                                                                                                                    --------------+---------
                                                                                                                    Symbol Types  | circle
                                                                                                                    Symbols       | *
                                                                                                                    Symbol Colors | cx000000
                                                                                                                    Label  Colors | cx000000
                                                                                                                    Symbol Sizes  | 1
                                                                                                                    Label  Sizes  | 1
                                                                                                                    Symbol Fonts  | none
                                                                                                                    Label  Fonts  | none
                                                                                                                    ------------------------

                                                                                                         Iterative Scatter Plot of Labeled Points Macro

                                                                                                    Iteration    Place    Line Size    Page Size    Penalty
                                                                                                    -------------------------------------------------------
                                                                                                        1          2         65           45            0

The following code will create the printer plot on which the graphical plot is based:

options nonumber ls=65 ps=45;
proc plot nolegend formchar='|----|+|---' data=preproc vtoh=2;
   plot Dim2 * Dim1 $ _idvar_ = _symbol_ /
        haxis=by 1 vaxis=by 1 box list=1
        placement=((h=2 -2 : s=right left) (v=1 -1 * h=0 -1 to -5 by alt));
   label Dim2 = 'Dimension 2' Dim1 = 'Dimension 1';
   label Dim2 = '#' Dim1 = '#';
   run; quit;

The plot was created with the following goptions:

goptions nodisplay hpos=74 vpos=28 hsize=8.33in vsize=6.24in cback=white device=GIF;

The OUT=anno Annotate data set has 149 observations.
The PLOTIT macro used 3.7 seconds to create OUT=anno.
12977  goptions display;
12978  title;

12979  filename gsasfile
12979! "C:\Users\tan.joryi\Desktop\p\data_mining\03_explore_data\Gold_Price\Workspaces\EMWS1\Clus\GRAPH\Distance.gif";
12980  goptions reset=all device=PNG display gaccess= gsasfile gsfmode= replace cback= white;
12981  proc greplay igout=WORK.Clus nofs;
NOTE: Building list of graphs from the catalog.

NOTE: Enter greplay commands or statements.
12982  replay DISTANCE;
NOTE: This SAS session is using a registry in WORK.  All changes will be lost at the end of this session.
NOTE: 27634 bytes written to 
      C:\Users\tan.joryi\Desktop\p\data_mining\03_explore_data\Gold_Price\Workspaces\EMWS1\Clus\GRAPH\Distance.gif.
12983  quit;

NOTE: PROCEDURE GREPLAY used (Total process time):
      real time           0.29 seconds
      cpu time            0.18 seconds
      

12984  goptions reset=all;
12985  filename gsasfile;
NOTE: Fileref GSASFILE has been deassigned.

12986  proc datasets lib=EMWS1 nolist;
12987  modify Clus_DISTANCE;
12988  rename _idvar_=_SEGMENT_;
NOTE: Renaming variable _idvar_ to _SEGMENT_.
12989  run;

NOTE: MODIFY was successful for EMWS1.CLUS_DISTANCE.DATA.
12990  quit;

NOTE: PROCEDURE DATASETS used (Total process time):
      real time           0.07 seconds
      cpu time            0.03 seconds
      

12991  *------------------------------------------------------------*;
12992  * Clus: Creating data set for Input Mean report;
12993  *------------------------------------------------------------*;
12994  data temp(drop=_type_ over_all);
12995  set EMWS1.Clus_OUTSTAT;
12996  where _type_ in('DMDB_MEAN', 'CLUS_MEAN');
12997  run;

NOTE: There were 5 observations read from the data set EMWS1.CLUS_OUTSTAT.
      WHERE _type_ in ('CLUS_MEAN', 'DMDB_MEAN');
NOTE: The data set WORK.TEMP has 5 observations and 28 variables.
NOTE: DATA statement used (Total process time):
      real time           0.04 seconds
      cpu time            0.00 seconds
      

12998  proc sort data=temp;
12999  by _SEGMENT_;
13000  run;

NOTE: There were 5 observations read from the data set WORK.TEMP.
NOTE: The data set WORK.TEMP has 5 observations and 28 variables.
NOTE: PROCEDURE SORT used (Total process time):
      real time           0.04 seconds
      cpu time            0.00 seconds
      

13001  proc stdize data=temp out=stdtemp pctlpts=0 100 outstat=stat;
13002  var all_day_maintain0--open_equals_closing1;
13003  run;

NOTE: There were 5 observations read from the data set WORK.TEMP.
NOTE: The data set WORK.STDTEMP has 5 observations and 28 variables.
NOTE: The data set WORK.STAT has 10 observations and 28 variables.
NOTE: PROCEDURE STDIZE used (Total process time):
      real time           0.04 seconds
      cpu time            0.00 seconds
      

13004  proc transpose data=stat out=tstat(rename=(COL1=MEAN COL2=STD COL3=MIN COL4=MAX));
13005  where _type_ in ('LOCATION', 'SCALE','P0', 'P100');
13006  run;

NOTE: There were 4 observations read from the data set WORK.STAT.
      WHERE _type_ in ('LOCATION', 'P0', 'P100', 'SCALE');
NOTE: The data set WORK.TSTAT has 27 observations and 6 variables.
NOTE: PROCEDURE TRANSPOSE used (Total process time):
      real time           0.09 seconds
      cpu time            0.01 seconds
      

13007  data tstat( rename=(_NAME_=NAME) keep=_NAME_ cv stdmin stdmax);
13008  set tstat;
13009  if std ^in (0, .) then do;
13010  stdmin = abs((min-mean)/std);
13011  stdmax = abs((max-mean)/std);
13012  end;
13013  if mean ^in(0, .) then cv = std/mean;
13014  run;

NOTE: There were 27 observations read from the data set WORK.TSTAT.
NOTE: The data set WORK.TSTAT has 27 observations and 4 variables.
NOTE: DATA statement used (Total process time):
      real time           0.04 seconds
      cpu time            0.00 seconds
      

13015  proc sort data=tstat;
13016  by NAME;
13017  run;

NOTE: There were 27 observations read from the data set WORK.TSTAT.
NOTE: The data set WORK.TSTAT has 27 observations and 4 variables.
NOTE: PROCEDURE SORT used (Total process time):
      real time           0.04 seconds
      cpu time            0.00 seconds
      

13018  proc transpose data=stdtemp out=tstdtemp(rename=(_NAME_=NAME _LABEL_=LABEL COL1=MEAN));
13019  by _SEGMENT_;
13020  run;

NOTE: There were 5 observations read from the data set WORK.STDTEMP.
NOTE: The data set WORK.TSTDTEMP has 135 observations and 4 variables.
NOTE: PROCEDURE TRANSPOSE used (Total process time):
      real time           0.07 seconds
      cpu time            0.00 seconds
      

13021  proc sort data=tstdtemp;
13022  by NAME;
13023  run;

NOTE: There were 135 observations read from the data set WORK.TSTDTEMP.
NOTE: The data set WORK.TSTDTEMP has 135 observations and 4 variables.
NOTE: PROCEDURE SORT used (Total process time):
      real time           0.04 seconds
      cpu time            0.00 seconds
      

13024  data tstdtemp;
13025  merge tstdtemp tstat;
13026  by NAME;
13027  STDMEAN = (MEAN + stdmin)/(stdmin + stdmax);
13028  drop stdmin stdmax mean;
13029  run;

NOTE: There were 135 observations read from the data set WORK.TSTDTEMP.
NOTE: There were 27 observations read from the data set WORK.TSTAT.
NOTE: The data set WORK.TSTDTEMP has 135 observations and 5 variables.
NOTE: DATA statement used (Total process time):
      real time           0.06 seconds
      cpu time            0.00 seconds
      

13030  proc transpose data=EMWS1.Clus_OUTVAR out=tempVar(drop=_LABEL_ rename=( _NAME_=NAME VARIABLE=INPUT));
13031  var all_day_maintain0--open_equals_closing1;
13032  id _type_;
13033  where _type_ = 'VARIABLE';
13034  run;

NOTE: There were 1 observations read from the data set EMWS1.CLUS_OUTVAR.
      WHERE _type_='VARIABLE';
NOTE: The data set WORK.TEMPVAR has 27 observations and 2 variables.
NOTE: PROCEDURE TRANSPOSE used (Total process time):
      real time           0.07 seconds
      cpu time            0.00 seconds
      

13035  proc sort data=tempVar;
13036  by NAME;
13037  run;

NOTE: There were 27 observations read from the data set WORK.TEMPVAR.
NOTE: The data set WORK.TEMPVAR has 27 observations and 2 variables.
NOTE: PROCEDURE SORT used (Total process time):
      real time           0.04 seconds
      cpu time            0.00 seconds
      

13038  data EMWS1.Clus_INPUTMEAN(rename=(NAME=VARIABLE));
13039  Length _SEGMENT_CHAR_ $7;
13040  label _SEGMENT_ = "%sysfunc(sasmsg(sashelp.dmine, rpt_segmentName_vlabel,  NOQUOTE))" _SEGMENT_CHAR_ =
13040! "%sysfunc(sasmsg(sashelp.dmine, rpt_segmentId_vlabel,    NOQUOTE))" NAME = "%sysfunc(sasmsg(sashelp.dmine,
13040! rpt_variable_vlabel,     NOQUOTE))" INPUT =
13041     "%sysfunc(sasmsg(sashelp.dmine, rpt_input_vlabel,        NOQUOTE))" LABEL = "%sysfunc(sasmsg(sashelp.dmine,
13041! rpt_label_vlabel,        NOQUOTE))" CV = "%sysfunc(sasmsg(sashelp.dmine, rpt_cv_vlabel,           NOQUOTE))"
13041! STDMEAN =
13042     "%sysfunc(sasmsg(sashelp.dmine, rpt_normmean_vlabel,     NOQUOTE))";
13043  merge tempvar tstdtemp;
13044  by NAME;
13045  if LABEL='' then LABEL=NAME;
13046  _SEGMENT_CHAR_ = strip(put(_SEGMENT_, best.));
13047  if _SEGMENT_ = . then _SEGMENT_CHAR_='Overall';
13048  run;

NOTE: There were 27 observations read from the data set WORK.TEMPVAR.
NOTE: There were 135 observations read from the data set WORK.TSTDTEMP.
NOTE: The data set EMWS1.CLUS_INPUTMEAN has 135 observations and 7 variables.
NOTE: DATA statement used (Total process time):
      real time           0.14 seconds
      cpu time            0.04 seconds
      

13049  proc sort data=EMWS1.Clus_INPUTMEAN;
13050  by descending cv;
13051  run;

NOTE: There were 135 observations read from the data set EMWS1.CLUS_INPUTMEAN.
NOTE: The data set EMWS1.CLUS_INPUTMEAN has 135 observations and 7 variables.
NOTE: PROCEDURE SORT used (Total process time):
      real time           0.04 seconds
      cpu time            0.01 seconds
      

13052  *------------------------------------------------------------*;
13053  * Clus: Determining the important variables;
13054  *------------------------------------------------------------*;

13055  %let _nobs = 0;
13056  data keepvars(rename=(NAME=INPUT));
13057  set EMWS1.Clus_OUTIMPORT(where=(IMPORTANCE>0.5)) end=eof;
13058  if eof then call symput('_nobs', strip(put(_N_, best.)));
13059  run;

NOTE: There were 5 observations read from the data set EMWS1.CLUS_OUTIMPORT.
      WHERE IMPORTANCE>0.5;
NOTE: The data set WORK.KEEPVARS has 5 observations and 5 variables.
NOTE: DATA statement used (Total process time):
      real time           0.03 seconds
      cpu time            0.01 seconds
      

13060  proc transpose data=EMWS1.Clus_OUTVAR out=tempVar(drop=_LABEL_ rename=( _NAME_=NAME VARIABLE=INPUT));
13061  var all_day_maintain0--open_equals_closing1;
13062  id _type_;
13063  where _type_ = 'VARIABLE';
13064  run;

NOTE: There were 1 observations read from the data set EMWS1.CLUS_OUTVAR.
      WHERE _type_='VARIABLE';
NOTE: The data set WORK.TEMPVAR has 27 observations and 2 variables.
NOTE: PROCEDURE TRANSPOSE used (Total process time):
      real time           0.09 seconds
      cpu time            0.01 seconds
      

13065  proc sort data=keepvars;
13066  by INPUT;
13067  run;

NOTE: There were 5 observations read from the data set WORK.KEEPVARS.
NOTE: The data set WORK.KEEPVARS has 5 observations and 5 variables.
NOTE: PROCEDURE SORT used (Total process time):
      real time           0.06 seconds
      cpu time            0.00 seconds
      

13068  proc sort data=tempvar;
13069  by INPUT;
13070  run;

NOTE: There were 27 observations read from the data set WORK.TEMPVAR.
NOTE: The data set WORK.TEMPVAR has 27 observations and 2 variables.
NOTE: PROCEDURE SORT used (Total process time):
      real time           0.06 seconds
      cpu time            0.00 seconds
      

13071  data vars;
13072  merge tempvar keepvars(in=b);
13073  by INPUT;
13074  if b then output;
13075  run;

WARNING: Multiple lengths were specified for the BY variable INPUT by input data sets. This might cause unexpected 
         results.
NOTE: There were 27 observations read from the data set WORK.TEMPVAR.
NOTE: There were 5 observations read from the data set WORK.KEEPVARS.
NOTE: The data set WORK.VARS has 15 observations and 6 variables.
NOTE: DATA statement used (Total process time):
      real time           0.03 seconds
      cpu time            0.00 seconds
      

13076  proc sort data=vars;
13077  by descending importance;
13078  run;

NOTE: There were 15 observations read from the data set WORK.VARS.
NOTE: The data set WORK.VARS has 15 observations and 6 variables.
NOTE: PROCEDURE SORT used (Total process time):
      real time           0.03 seconds
      cpu time            0.00 seconds
      

13079  data _null_;
13080  set vars;
13081  if _N_=1 then call symput('CLUS_PROFVARS', strip(NAME));
13082  else call symput('CLUS_PROFVARS',symget('CLUS_PROFVARS')!!' '!!strip(NAME));
13083  run;

NOTE: There were 15 observations read from the data set WORK.VARS.
NOTE: DATA statement used (Total process time):
      real time           0.01 seconds
      cpu time            0.00 seconds
      

13084  *------------------------------------------------------------*;
13085  * mergeVarMeansandClusLabel;
13086  *------------------------------------------------------------*;
13087  data temp(keep=_SEGMENT_ &CLUS_PROFVARS);
13088  length _SEGMENT_ &CLUS_PROFVARS 8;
13089  set EMWS1.Clus_OUTSTAT;
13090  where _type_ ='CLUS_MEAN';
13091  run;

NOTE: There were 4 observations read from the data set EMWS1.CLUS_OUTSTAT.
      WHERE _type_='CLUS_MEAN';
NOTE: The data set WORK.TEMP has 4 observations and 16 variables.
NOTE: DATA statement used (Total process time):
      real time           0.04 seconds
      cpu time            0.01 seconds
      

13092  proc sort data=temp;
13093  by _SEGMENT_;
13094  run;

NOTE: There were 4 observations read from the data set WORK.TEMP.
NOTE: The data set WORK.TEMP has 4 observations and 16 variables.
NOTE: PROCEDURE SORT used (Total process time):
      real time           0.03 seconds
      cpu time            0.01 seconds
      

13095  data EMWS1.Clus_LABEL;
13096  merge EMWS1.Clus_LABEL(keep=_SEGMENT_ LABEL) temp;
13097  by _SEGMENT_;
13098  run;

NOTE: There were 4 observations read from the data set EMWS1.CLUS_LABEL.
NOTE: There were 4 observations read from the data set WORK.TEMP.
NOTE: The data set EMWS1.CLUS_LABEL has 4 observations and 17 variables.
NOTE: DATA statement used (Total process time):
      real time           0.03 seconds
      cpu time            0.00 seconds
      

