*------------------------------------------------------------*
* Report Log
Date:                16 November 2019
Time:                18:20:23 o'clock
*------------------------------------------------------------*
16239  %let EMEXCEPTIONSTRING=;
16240  *------------------------------------------------------------*;
16241  * REPORT: GrfExpl4;
16242  *------------------------------------------------------------*;
16243  %let EM_ACTION = REPORT;
16244  %let syscc = 0;
16245  %macro main;
16246     filename temp catalog 'sashelp.emexpl.graphexplore_macros.source';
16247     %include temp;
16248     filename temp;
16249  
16250     %SetProperties;
16251  
16252     %if %upcase(&EM_ACTION) = CREATE %then %do;
16253  
16254         filename temp catalog 'sashelp.emexpl.graphexplore_create.source';
16255         %include temp;
16256         filename temp;
16257         %create;
16258     %end;
16259     %else
16260     %if %upcase(&EM_ACTION) = TRAIN %then %do;
16261  
16262         filename temp catalog 'sashelp.emexpl.graphexplore_train.source';
16263         %include temp;
16264         filename temp;
16265         %train;
16266  
16267     %end;
16268     %else
16269     %if %upcase(&EM_ACTION) = REPORT %then %do;
16270  
16271         filename temp catalog 'sashelp.emexpl.graphexplore_report.source';
16272         %include temp;
16273         filename temp;
16274  
16275         %report;
16276     %end;
16277  
16278  %mend main;
16279  
16280  %main;
NOTE: %INCLUDE (level 1) file TEMP is file SASHELP.EMEXPL.GRAPHEXPLORE_MACROS.SOURCE.
16281 +%macro SetProperties;
16282 +   %em_checkmacro(name=EM_PROPERTY_INTERVALBYTARGET,      global=Y, value=Y);
16283 +   %em_checkmacro(name=EM_PROPERTY_CLASSBYTARGET,         global=Y, value=Y);
16284 +   %em_checkmacro(name=EM_PROPERTY_DATASOURCE,            global=Y, value=SAMPLE);
16285 +   %em_checkmacro(name=EM_PROPERTY_EMSAMPLEMETHOD,        global=Y, value=FIRSTN);
16286 +   %em_checkmacro(name=EM_PROPERTY_EMSAMPLESIZE,          global=Y, value=DEFAULT);
16287 +   %em_checkmacro(name=EM_PROPERTY_EMRANDOMSEED,          global=Y, value=12345);
16288 +
16289 +%mend SetProperties;
NOTE: %INCLUDE (level 1) ending.
NOTE: Fileref TEMP has been deassigned.
NOTE: %INCLUDE (level 1) file TEMP is file SASHELP.EMEXPL.GRAPHEXPLORE_REPORT.SOURCE.
16290 +%macro report;
16291 +
16292 +   %let sourceKey = em_import_data;
16293 +    %if "&sourceKey" eq "" %then
16294 +        %let sourceKey = em_import_transaction;
16295 +    %if "&sourceKey" eq "" %then
16296 +        %let sourceKey = em_import_document;
16297 +    %if "&sourceKey" eq "" %then
16298 +        %let sourceKey = em_import_validate;
16299 +    %if "&sourceKey" eq "" %then
16300 +        %let sourceKey = em_import_test;
16301 +    %if "&sourceKey" eq "" %then
16302 +        %let sourceKey = em_import_score;
16303 +
16304 +   %if "&EM_PROPERTY_DATASOURCE" = "SAMPLE" %then
16305 +      %let sourceKey =SAMPLE_DATA;
16306 +
16307 +    %em_report(Key=&sourceKey, viewType=DATA, Block=Data, Description=Sample, Autodisplay=Y, localize=Y );
16308 +
16309 +   %if &EM_NUM_TARGET %then %do;
16310 +       %if &EM_NUM_INTERVAL_TARGET %then %do;
16311 +           %do i=1 %to &EM_NUM_INTERVAL_TARGET;
16312 +               %let targetName = %scan(%EM_INTERVAL_TARGET, &i);
16313 +               %if "&EM_PROPERTY_TARGET" = "Y" %then %do;
16314 +                   %em_report(Key=&sourceKey, viewType=HISTOGRAM, X=&targetName, freq=%EM_FREQ, block=Target, AutoDisplay=Y, Description=&targetName);
16315 +               %end;
16316 +
16317 +               %if "&EM_PROPERTY_GROUPBYTARGET" = "Y" and &EM_NUM_SEGMENT %then %do;
16318 +                   %do j=1 %to &EM_NUM_SEGMENT;
16319 +                       %let groupName = %scan(%em_segment, &j);
16320 +                       %em_report(Key=&sourceKey, viewType=BASEBOX, Y=&targetName, X=&groupname, freq=%EM_FREQ, Block=GroupPlots, Description=%nrbquote(&targetName x &groupName));
16321 +                   %end;
16322 +               %end;
16323 +           %end;
16324 +       %end;
16325 +
16326 +       %let numClassTarget = %eval(&EM_NUM_BINARY_TARGET + &EM_NUM_NOMINAL_TARGET + &EM_NUM_ORDINAL_TARGET );
16327 +       %if &numClassTarget %then %do;
16328 +           %do i=1 %to &numClassTarget;
16329 +               %let targetName = %scan(%EM_BINARY_TARGET %EM_NOMINAL_TARGET %EM_ORDINAL_TARGET, &i);
16330 +               %if "&EM_PROPERTY_TARGET" = "Y" %then %do;
16331 +                   %em_report(Key=&sourceKey, viewType=BAR, X=&targetName, freq=%EM_FREQ, block=Target, AutoDisplay=Y, Description=&targetName);
16332 +               %end;
16333 +
16334 +               %if "&EM_PROPERTY_GROUPBYTARGET" = "Y" and &EM_NUM_SEGMENT %then %do;
16335 +                   %do j=1 %to &EM_NUM_SEGMENT;
16336 +                       %let groupName = %scan(%em_segment, &j);
16337 +                       %em_report(Key=&sourceKey, viewType=BAR, X=&groupName, group=&targetname, freq=%EM_FREQ, Block=GroupPlots, Description=%nrbquote(&targetName x &groupName));
16338 +                   %end;
16339 +               %end;
16340 +
16341 +           %end;
16342 +       %end;
16343 +
16344 +   %end;
16345 +
16346 +%mend report;
NOTE: %INCLUDE (level 1) ending.
NOTE: Fileref TEMP has been deassigned.

NOTE: The data set WORK.EM_USER_REPORT has 132 observations and 4 variables.
NOTE: DATA statement used (Total process time):
      real time           0.05 seconds
      cpu time            0.04 seconds
      


NOTE: There were 132 observations read from the data set WORK.EM_USER_REPORT.
NOTE: The data set WORK.EM_USER_REPORT has 264 observations and 4 variables.
NOTE: DATA statement used (Total process time):
      real time           0.06 seconds
      cpu time            0.04 seconds
      

16347  *------------------------------------------------------------*;
16348  * End REPORT: GrfExpl4;
16349  *------------------------------------------------------------*;
16350  

16351  /* Reset EM Options */
16352  options formchar="|----|+|---+=|-/\<>*";
16353  options nocenter ls=256 ps=10000;
16354  goptions reset=all device=GIF NODISPLAY;

16355  proc sort data=WORK.EM_USER_REPORT;
16356  by ID VIEW;
16357  run;

NOTE: There were 264 observations read from the data set WORK.EM_USER_REPORT.
NOTE: The data set WORK.EM_USER_REPORT has 264 observations and 4 variables.
NOTE: PROCEDURE SORT used (Total process time):
      real time           0.03 seconds
      cpu time            0.00 seconds
      

