 
                                                                                                                                                                                                                                                                
 
 
Variable Summary

            Measurement    Frequency
Role           Level         Count

INPUT        INTERVAL          4    
REJECTED     BINARY            4    
REJECTED     NOMINAL           4    
REJECTED     ORDINAL           1    
TIMEID       INTERVAL          1    
 
                                                                                                                                                                                                                                                                
 
 

The CONTENTS Procedure

Data Set Name        EMWS1.FIMPORT4_DATA       Observations          1823
Member Type          DATA                      Variables             14  
Engine               V9                        Indexes               0   
Created              22/12/2019 20:01:29       Observation Length    120 
Last Modified        22/12/2019 20:01:29       Deleted Observations  0   
Protection                                     Compressed            NO  
Data Set Type                                  Sorted                NO  
Label                                                                    
Data Representation  WINDOWS_64                                          
Encoding             utf-8  Unicode (UTF-8)                              


                                                   Engine/Host Dependent Information

Data Set Page Size          65536                                                                                                      
Number of Data Set Pages    4                                                                                                          
First Data Page             1                                                                                                          
Max Obs per Page            545                                                                                                        
Obs in First Data Page      524                                                                                                        
Number of Data Set Repairs  0                                                                                                          
ExtendObsCounter            YES                                                                                                        
Filename                    C:\Users\tan.joryi\Desktop\p\data_mining\03_explore_data\Gold_Price\Workspaces\EMWS1\fimport4_data.sas7bdat
Release Created             9.0401M3                                                                                                   
Host Created                X64_8PRO                                                                                                   


             Alphabetic List of Variables and Attributes
 
 #    Variable                 Type    Len    Format       Informat

12    all_day_maintain         Num       8    BEST12.      BEST32.  
14    closing_at_daily_high    Num       8    BEST12.      BEST32.  
13    closing_at_daily_low     Num       8    BEST12.      BEST32.  
 9    closing_price            Num       8    BEST12.      BEST32.  
 8    daily_high               Num       8    BEST12.      BEST32.  
 7    daily_low                Num       8    BEST12.      BEST32.  
 3    date_text                Num       8    DDMMYY10.    DDMMYY10.
 4    day                      Char      9    $9.          $9.      
 5    day_no                   Num       8    BEST12.      BEST32.  
 2    month                    Char      9    $9.          $9.      
11    open_equals_closing      Num       8    BEST12.      BEST32.  
 6    open_price               Num       8    BEST12.      BEST32.  
10    trend                    Char      8    $8.          $8.      
 1    year                     Num       8    BEST12.      BEST32.  
