*------------------------------------------------------------*
* Training Log
Date:                22 December 2019
Time:                20:01:24 o'clock
*------------------------------------------------------------*
14715  proc freq data=EMWS1.FIMPORT4_VariableSet noprint;
14716  table ROLE*LEVEL/out=WORK.FIMPORT4META;
14717  run;

NOTE: There were 14 observations read from the data set EMWS1.FIMPORT4_VARIABLESET.
NOTE: The data set WORK.FIMPORT4META has 5 observations and 4 variables.
NOTE: PROCEDURE FREQ used (Total process time):
      real time           0.21 seconds
      cpu time            0.01 seconds
      

14718  proc print data=WORK.FIMPORT4META label noobs;
14719  var ROLE LEVEL COUNT;
14720  label ROLE = "%sysfunc(sasmsg(sashelp.dmine, meta_role_vlabel, NOQUOTE))" LEVEL = "%sysfunc(sasmsg(sashelp.dmine, meta_level_vlabel, NOQUOTE))" COUNT = "%sysfunc(sasmsg(sashelp.dmine, rpt_count_vlabel, NOQUOTE))";
14721  title9 ' ';
14722  title10 "%sysfunc(sasmsg(sashelp.dmine, rpt_varSummary_title  , NOQUOTE))";
14723  run;

NOTE: There were 5 observations read from the data set WORK.FIMPORT4META.
NOTE: The PROCEDURE PRINT printed page 1.
NOTE: PROCEDURE PRINT used (Total process time):
      real time           0.15 seconds
      cpu time            0.03 seconds
      

14724  title10;

14725  %let EMEXCEPTIONSTRING=;
15063  *------------------------------------------------------------*;
15064  * FIMPORT4: Generation of macros and macro variables;
15065  * To see the code generated, set the EM_DEBUG macro variable to SOURCE or _ALL_;
15066  *------------------------------------------------------------*;

15067  %let EMEXCEPTIONSTRING=;
15068  *------------------------------------------------------------*;
15069  * TRAIN: FIMPORT4;
15070  *------------------------------------------------------------*;
15071  %let EM_ACTION = TRAIN;
15072  %let syscc = 0;
15073  /* Fimport.source */
15074  %macro main;
15075        %if %upcase(&EM_ACTION) = CREATE %then %do;
15076           filename temp catalog 'sashelp.emsamp.Fimport_create.source';
15077           %include temp;
15078           filename temp;
15079           %create;
15080        %end;
15081        %else
15082        %if %upcase(&EM_ACTION) = TRAIN %then %do;
15083           filename temp catalog 'sashelp.emsamp.Fimport_train.source';
15084           %include temp;
15085           filename temp;
15086           %train;
15087        %end;
15088        %else
15089        %if %upcase(&EM_ACTION) = UPDATE %then %do;
15090           filename temp catalog 'sashelp.emsamp.Fimport_update.source';
15091           %include temp;
15092           filename temp;
15093           %update;
15094        %end;
15095        %else
15096        %if %upcase(&EM_ACTION) = PROPERTY %then %do;
15097           filename temp catalog 'sashelp.emsamp.Fimport_actions.source';
15098           %include temp;
15099           filename temp;
15100           %property;
15101        %end;
15102         %else
15103        %if %upcase(&EM_ACTION) = SCORE %then %do;
15104           filename temp catalog 'sashelp.emsamp.Fimport_score.source';
15105           %include temp;
15106           filename temp;
15107           %score;
15108        %end;
15109        %else
15110        %if %upcase(&EM_ACTION) = REPORT %then %do;
15111           filename temp catalog 'sashelp.emsamp.Fimport_report.source';
15112           %include temp;
15113           filename temp;
15114           %report;
15115        %end;
15116        %else
15117        %if %upcase(&EM_ACTION) = OPENVARIABLESET %then %do;
15118           filename temp catalog 'sashelp.emsamp.Fimport_actions.source';
15119           %include temp;
15120           filename temp;
15121           %openvariableset;
15122        %end;
15123        %else
15124        %if %upcase(&EM_ACTION) = CLOSEVARIABLESET %then %do;
15125           filename temp catalog 'sashelp.emsamp.Fimport_actions.source';
15126           %include temp;
15127           filename temp;
15128           %closevariableset;
15129        %end;
15130  %mend main;
15131  %main;
NOTE: %INCLUDE (level 1) file TEMP is file SASHELP.EMSAMP.FIMPORT_TRAIN.SOURCE.
15132 +%EM_GETNAME(key=USERIMPORTFILE, type=FILE, extension=txt);
15133 +%macro appendExt;
15134 +   data _null_;
15135 +      tempuif =  trim("&EM_USER_USERIMPORTFILE");
15136 +      rfile = reverse(tempuif);
15137 +      period = indexc(rfile,".");
15138 +      uif = substr(tempuif, 1, length(tempuif)- period+1);
15139 +      newuif = trim(uif)||trim("&EM_PROPERTY_FILETYPE");
15140 +      call symput("EM_USER_USERIMPORTFILE",%bquote(newuif));
15141 +   run;
15142 +%mend appendExt;
15144 +%macro getNobs(ds);
15145 + %global dset nobs;
15146 + %let dset=&ds;
15147 + %let dsid = %sysfunc(open(&dset));
15148 + %if &dsid %then %do;
15149 +      %let nobs =%sysfunc(attrn(&dsid,nobs));
15150 +      %let rc = %sysfunc(close(&dsid));
15151 +   %end;
15152 + %else %put open for data set &dset failed - %sysfunc(sysmsg());
15153 +%mend getNobs;
15154 +%macro keepordrop;
15155 +  proc contents data=work.importfile noprint
15156 +  out=work.importattrs;
15157 +  run;
15158 +  %getNobs(work.importattrs);
15159 +  data _null_;
15160 +    set  work.importattrs;
15161 +    call symput("varname"||left(_n_),name);
15162 +  run;
15164 +  %put nobs=&nobs  maxcols=&EM_PROPERTY_MAXCOLS;
15165 +  /* importattrs contains 1 observation for each VARIABLE in the data set. */
15166 +  %if &nobs > &EM_PROPERTY_MAXCOLS %then %do;
15167 +     %let diff = %eval(&nobs - &EM_PROPERTY_MAXCOLS);
15168 +     %put diff=&diff;
15169 +     %if %eval(&diff ge &EM_PROPERTY_MAXCOLS) %then %do;
15170 +         %let kORd = keep;
15171 +             %let start=1;
15172 +             %let end = &EM_PROPERTY_MAXCOLS;
15173 +       %end;
15174 +     %else %do;
15175 +         %let kORd = drop;
15176 +             %let start = &EM_PROPERTY_MAXCOLS + 1;
15177 +             %let end = &nobs;
15178 +       %end;
15179 +     data &em_user_data;
15180 +        set &em_user_data;
15181 +        &kORd
15182 +        %do i = &start %to &end;
15183 +            &&varname&i
15184 +         %end;
15185 +        ;
15186 +     run;
15187 +%end;
15188 +%mend keepordrop;
15189 +%macro dropformatvars;
15190 +   %put fmtcnt=&fmtcnt;
15191 +   data new;
15192 +     set work.importfile;
15193 +     %do i = 1 %to &fmtcnt;
15194 +       x1zy&i =put(&&varname&i,&&fmt&i);
15195 +     %end;
15196 +   run;
15197 +   data new;
15198 +     set new;
15199 +     drop
15200 +     %do i = 1 %to &fmtcnt;
15201 +     &&varname&i
15202 +     %end;
15203 +     ;
15204 +   run;
15205 +   proc datasets library=work nolist;
15206 +     modify new;
15207 +     %do i = 1 %to &fmtcnt;
15208 +     rename x1zy&i=&&varname&i;
15209 +     %end;
15210 +   run; quit;
15211 +   data work.importfile;
15212 +     set new;
15213 +   run;
15214 +%mend;
15216 +%macro procimport(out=);
15217 +   %if %upcase(&EM_PROPERTY_FILETYPE)=MDB %then %do;
15218 +      proc import table=%sysfunc(trim(&EM_PROPERTY_ACCESSTABLE))
15219 +         out=&out
15220 +         dbms = ACCESS
15221 +         replace;
15222 +         database="%trim(&_IFILENAME)"
15223 +   %end;
15224 +   %else %do;
15225 +       proc import datafile="%trim(&_IFILENAME)"
15226 +          out=&out
15228 +      %put filetype=*&EM_PROPERTY_FILETYPE.*;
15229 +      %put delimiter=*&EM_PROPERTY_DELIMITER.*;
15230 +      %if %upcase(&EM_PROPERTY_FILETYPE) ^= TXT %then %do;
15231 +         dbms=&EM_PROPERTY_FILETYPE
15232 +      %end;
15233 +      %else %do;
15234 +         dbms=TAB
15235 +      %end;
15236 +      /* Work around for the following defects:S0560899 and S0560009.   */
15237 +      %let sasEnv=%sysfunc(getlocenv());
15238 +      %if %upcase(&EM_PROPERTY_FILETYPE) = XLS and %upcase(&sasEnv) ^= SBCS %then %do;
15239 +         dbms=EXCEL
15240 +      %end;
15242 +      replace;
15243 +      %if %substr(%upcase(&EM_PROPERTY_FILETYPE),1,2)=WK | %upcase(&EM_PROPERTY_FILETYPE)=XLS
15244 +       | %upcase(&EM_PROPERTY_FILETYPE)=DLM | %upcase(&EM_PROPERTY_FILETYPE)=CSV
15245 +       | %upcase(&EM_PROPERTY_FILETYPE)=TAB | %upcase(&EM_PROPERTY_FILETYPE)=TXT %then %do;
15246 +        %if %length(&EM_PROPERTY_NAMEROW) > 0 %then %do;
15247 +            getnames=&EM_PROPERTY_NAMEROW;
15248 +        %end;
15249 +      %end;
15250 +      %if %upcase(&EM_PROPERTY_FILETYPE)=CSV | %upcase(&EM_PROPERTY_FILETYPE)=DLM |
15251 +          %upcase(&EM_PROPERTY_FILETYPE=TXT)  %then %do;
15252 +         %if (%length(%trim(%bquote(&EM_PROPERTY_DELIMITER))) > 0) %then %do;
15253 +            %if "%upcase(&EM_PROPERTY_DELIMITER)"="SP" %then %do;
15254 +               delimiter=" ";
15255 +            %end;
15256 +            %else %if "%upcase(&EM_PROPERTY_DELIMITER)"="TAB" %then %do;
15257 +               /* Do not specifiy a delimiter */
15258 +            %end;
15259 +            %else %do;
15260 +               delimiter="&EM_PROPERTY_DELIMITER";
15261 +            %end;
15262 +         %end;
15263 +         %if %eval(&EM_PROPERTY_SKIPROWS > 0) %then %do;
15264 +            datarow=&EM_PROPERTY_SKIPROWS;
15265 +            /* Guessingrows must be >= skiprows */
15266 +            %if %eval(&EM_PROPERTY_GUESSROWS < &EM_PROPERTY_SKIPROWS ) %then %do;
15267 +              %let EM_PROPERTY_GUESSROWS = &EM_PROPERTY_SKIPROWS;
15268 +            %end;
15269 +         %end;
15270 +         %if %eval(&EM_PROPERTY_GUESSROWS > 0) %then %do;
15271 +            guessingrows=&EM_PROPERTY_GUESSROWS;
15272 +         %end;
15273 +       %end;
15274 +      %if %upcase(&EM_PROPERTY_FILETYPE)=DTA | %upcase(&EM_PROPERTY_FILETYPE)=JMP
15275 +                 | %upcase(&EM_PROPERTY_FILETYPE)=SAV %then %do;
15276 +            FMTLIB = work.formats;
15277 +      %end;
15278 +   %end;
15279 +   run;
15280 +%mend procimport;
15282 +%macro train;
15284 +   %let vvnString = %sysfunc(getoption(validvarname));
15286 +   %em_getname(key=DATA,           type=DATA);
15287 +   %em_getname(key=EMCMETADEFAULT, type=DATA);
15288 +   %em_getname(key=EMTMETADEFAULT, type=DATA);
15289 +   %em_getname(key=EMSTATDEFAULT, type=DATA);
15291 +   %appendExt;
15293 +   %let _IFILENAME = %nrbquote(%trim(&EM_PROPERTY_IFILENAME));
15294 +   %if %upcase(&EM_PROPERTY_IMPORTTYPE) = LOCAL %then %do;
15295 +       %if %nrbquote(%sysfunc(fileexist(&EM_USER_USERIMPORTFILE))) %then
15296 +           %let _IFILENAME = %nrbquote(&EM_USER_USERIMPORTFILE);
15297 +   %end;
15299 +   %if ^%sysfunc(fileexist(%nrbquote(&_IFILENAME))) %then %do;
15300 +       %let EMEXCEPTIONSTRING = exception.server.EMTOOL.NOTRAININGCODEFILE,%nrbquote(&_IFILENAME);
15301 +       %goto endtrain;
15302 +   %end;
15304 +   options validvarname=ANY;
15305 +   %procimport(out=work.importfile);
15307 +   %if %upcase(&EM_PROPERTY_FILETYPE) = DTA | %upcase(&EM_PROPERTY_FILETYPE) = JMP
15308 +              | %upcase(&EM_PROPERTY_FILETYPE)=SAV %then %do;
15309 +      %global fmtcnt;
15310 +      %let fmtcnt=0;
15311 +      proc contents data=work.importfile out=work.impattrs noprint;
15312 +      run;
15313 +      data _null_;
15314 +        set work.impattrs;
15315 +        if _n_=1 then i=0;
15316 +        if substr(format,1,1) ^= "$" and length(trim(format)) > 1 then do;
15317 +           i = i+1;
15318 +           varname = substr(name, 1, length(name));
15319 +           call symput("fmt"||left(i), trim(format)||".");
15320 +           call symput("varname"||left(i), varname);
15321 +           call symput("fmtcnt",left(i));
15322 +      end;
15323 +      retain i;
15324 +     run;
15325 +    %if &fmtcnt > 0 %then %do;
15326 +       %dropformatvars;
15327 +    %end;
15328 +    proc datasets lib=work memtype=data nolist;
15329 +        modify importfile;
15330 +        attrib _all_ format=;
15331 +    run;
15332 +    quit;
15333 +   %end;
15335 +   %let _fimportObs  = 0;
15336 +   %let _fimportVars = 0;
15337 +   %if %sysfunc(exist(work.importFile)) %then %do;
15338 +       %let dsid = %sysfunc(open(work.importFile));
15339 +       %if &dsid %then %do;
15340 +           %let _fimportObs  = %sysfunc(attrn(&dsid, NOBS));
15341 +           %let _fimportVars = %sysfunc(attrn(&dsid, NVARS));
15342 +       %let dsid = %sysfunc(close(&dsid));
15343 +       %end;
15344 +   %end;
15346 +   %if ^&_fimportObs %then %do;
15347 +       %let EMEXCEPTIONSTRING = exception.server.EMTOOL.FILE_NO_OBS;
15348 +       %goto endtrain;
15349 +   %end;
15350 +   %if ^&_fimportVars %then %do;
15351 +       %let EMEXCEPTIONSTRING = exception.server.EMTOOL.FILE_NO_VARS;
15352 +       %goto endtrain;
15353 +   %end;
15355 +   data &em_user_data;
15356 +      set work.importfile(obs=&EM_PROPERTY_MAXROWS);
15357 +   run;
15358 +   %keepordrop;
15360 +   %em_getname(key=EMSTAT,     type=DATA);
15362 +   proc datasets lib=&em_lib nolist;
15363 +      delete &em_nodeid._EMSTATDEFAULT &em_nodeid._EMINFO;
15364 +   run;
15366 +   %if "&em_property_advancedadvisor" eq "Y" %then %do;
15367 +        %EmAdviseColumns(&em_user_data, applyIntervalLevelLowerLimit=Y,
15368 +            intervalLevelLowerLimit=20, applyMaxPercentMissing=Y,
15369 +            maxPercentMissing=50, applyMaxClassLevels=Y,
15370 +            maxClassLevels=20, identifyEmptyColumns=Y,
15371 +            outdata=&em_user_EMCMETADEFAULT,
15372 +            computeStat=Y, statisticData=&em_user_EMSTATDEFAULT);
15374 +        data &em_user_emcmetadefault;
15375 +           set &em_user_emcmetadefault;
15376 +           drop nlevel pctmiss min max mean std skewness kurtosis;
15377 +        run;
15379 +        data &em_data_eminfo;
15380 +           length TARGET KEY $32  DATA $43;
15381 +           TARGET=""; KEY="STATS"; DATA="&em_user_emstatdefault"; output;
15382 +        run;
15384 +        %let EM_META_ADVISOR=ADVANCED;
15386 +   %end;
15387 +   %else %do;
15388 +       %EmAdviseColumns(&em_user_data, applyIntervalLevelLowerLimit=N,
15389 +            applyMaxPercentMissing=N, applyMaxClassLevels=N,
15390 +            identifyEmptyColumns=N,   maxLevelDetection=0,
15391 +            outdata=&em_user_EMCMETADEFAULT, computeStat=N, statisticData=WORK.STATISTIC);
15393 +            %if "&em_property_summarize" eq "Y" %then %do;
15394 +                %em_getname(key=EMSTAT,  type=DATA);
15395 +                data &em_data_eminfo;
15396 +                   length TARGET KEY $32  DATA $43;
15397 +                   TARGET=""; KEY="STATS"; DATA="&em_user_emstat"; output;
15398 +                run;
15399 +            %end;
15401 +        %let EM_META_ADVISOR=BASIC;
15403 +   %end;
15405 +   %em_getname(key=VVNLABEL, type=FILE, extension=sas);
15406 +   data _null_;
15407 +      fname = '_text';
15408 +      rc=filename(fname, "&em_user_vvnlabel");
15409 +      if ^rc and fexist(fname) then
15410 +         rc=fdelete(fname);
15411 +     rc=filename(fname);
15412 +   run;
15415 +   /* Validvarname Case */
15416 +   %let newNameFlag = 0;
15417 +   %if %sysfunc(exist(&em_user_EMCMETADEFAULT)) %then %do;
15418 +       %let dsid = %sysfunc(open(&em_user_EMCMETADEFAULT));
15419 +        %if &dsid %then %do;
15420 +            %let newNameFlag = %sysfunc(varnum(&dsid, NEWNAME));
15421 +            %let dsid = %sysfunc(close(&dsid));
15422 +       %end;
15423 +   %end;
15425 +   %if %sysevalf(&newNameFlag>0) %then %do;
15426 +       proc contents data=work.importfile noprint out=work._any(keep=VARNUM NAME LABEL);
15427 +       run;
15428 +       proc sort data=work._any; by VARNUM; run; quit;
15430 +       options validvarname=V7;
15432 +       %procimport(out=work.importfile2);
15434 +       options validvarname=ANY;
15436 +       proc contents data=work.importfile2 noprint out=work._v7(rename=(NAME=V7NAME) keep=VARNUM NAME LABEL);
15437 +       run;
15438 +       proc sort data=work._v7; by varnum; run; quit;
15440 +       filename _FI "&em_user_vvnlabel";
15441 +       data work._names;
15442 +          length string $200;
15443 +          merge work._v7 work._any;
15444 +          by VARNUM;
15445 +          file _FI;
15446 +          if V7NAME ne NAME then do;
15447 +             string = trim(V7NAME)!!'= "'!!tranwrd(trim(NAME), '"', '""')!!'"n;';
15448 +             put string;
15449 +             if LABEL eq '' then do;
15450 +                string = 'Label '!!trim(V7NAME)!!"='"!!tranwrd(trim(NAME), "'", "''")!!"';";
15451 +                put string;
15452 +             end;
15453 +             string='drop "'!!tranwrd(trim(NAME), '"', '""')!!'"n;';
15454 +             put string;
15455 +          end;
15456 +          drop string;
15457 +       run;
15458 +       data &em_user_data;
15459 +          set &em_user_data;
15460 +          %if %sysfunc(fileexist(%nrbquote(&em_user_vvnlabel))) %then %do;
15461 +              filename _FI "&em_user_vvnlabel";
15462 +              %inc _FI;
15463 +             filename _FI;
15464 +          %end;
15465 +       run;
15467 +       proc sort data=&em_user_EMCMETADEFAULT; by NAME; run;
15468 +       proc sort data=work._names;             by NAME; run;
15470 +       data &em_user_EMCMETADEFAULT;
15471 +         merge  &em_user_EMCMETADEFAULT _names;
15472 +         by NAME;
15473 +         length DROP $1;
15474 +         DROP='N';
15475 +         if NEWNAME ne NAME then do;
15476 +            if LABEL eq '' then do;
15477 +               LABEL = NAME;
15478 +            end;
15479 +            NAME=V7NAME;
15480 +         end;
15481 +         drop NEWNAME V7NAME VARNUM;
15482 +       run;
15484 +       proc datasets lib=work nolist;
15485 +          delete _any _v7 _names importfile2;
15486 +       run;
15487 +       quit;
15489 +   %end;
15490 +   %else %do;
15491 +       data &em_user_EMCMETADEFAULT;
15492 +          set &em_user_EMCMETADEFAULT;
15493 +          length DROP $1;
15494 +          DROP='N';
15495 +       run;
15496 +   %end;
15498 +    %EmAdviseTable(&em_user_data, outdata=&em_user_EMTMETADEFAULT, newdataflag=Y);
15500 +   data _temp;
15501 +      set &em_user_emtmetadefault(rename=(ROLE=PORT MEMNAME=DATASET CRDATE=MODTIME));
15502 +      keep PORT LIBNAME DATASET MODTIME COLUMNMETA COLUMNMETAMODTIME NOBS;
15503 +      PORT='DATA'; COLUMNMETA="&em_nodeid._EMCMETADEFAULT";
15504 +      COLUMNMETAMODTIME=MODTIME;
15505 +   run;
15506 +   proc sort data=&em_data_importset;
15507 +      by PORT;
15508 +   run;
15509 +   data &em_data_importset;
15510 +      merge &em_data_importset _temp;
15511 +      by PORT;
15512 +      if PORT='DATA' then ROLE="&em_property_role";
15513 +   run;
15515 +    %em_getname(key=VARIABLESETDELTA, type=FILE, extension=txt);
15517 +    %if %sysfunc(exist(&em_user_emcmetadefault)) %then %do;
15518 +        %if %sysfunc(fileexist(&em_user_variablesetdelta)) %then %do;
15519 +            filename x "&em_user_variablesetdelta";
15520 +            data &em_data_variableset;
15521 +               set &em_user_emcmetadefault;
15522 +               %inc X;
15523 +            run;
15524 +            filename x;
15525 +        %end;
15526 +        %else %do;
15527 +            data &em_data_variableset;
15528 +               set &em_user_emcmetadefault;
15529 +            run;
15530 +        %end;
15531 +    %end;
15533 +   %if %sysfunc(exist(&em_data_variableset)) and %sysfunc(exist(&em_user_emcmetadefault)) %then %do;
15534 +      proc compare compare=&em_data_variableset base=&em_user_emcmetadefault
15535 +         noprint outnoequal outbase outcomp out=_DiffMeta noprint;
15536 +         id NAME;
15537 +      run;
15539 +         filename x1 "&EM_FILE_CDELTA_TRAIN";
15540 +         data _null_;
15541 +            length string $200;
15542 +            set _DiffMeta end=eof;
15543 +            where _type_='COMPARE';
15544 +            file x1;
15545 +            string = 'if NAME="'!!strip(NAME)!!'" then do;';
15546 +            put string;
15547 +            string = '   ROLE="'!!strip(ROLE)!!'";';
15548 +            put string;
15549 +            string=  '   LEVEL="'!!strip(LEVEL)!!'";';
15550 +            put string;
15551 +            string = '   ORDER="'!!strip(ORDER)!!'";';
15552 +            put string;
15553 +            put 'end;';
15554 +            if drop='Y' then do;
15555 +               string='if NAME="'!!strip(NAME)!!'" then delete;';
15556 +               put string;
15557 +            end;
15558 +            if eof then
15559 +               put 'drop DROP;';
15560 +         run;
15562 +         %em_getname(key=DELTACODE,      type=FILE, extension=txt);
15563 +         filename x2 "&em_user_deltacode";
15564 +         %em_copyfile(infref=x1, outfref=x2);
15565 +         filename x1;
15566 +         filename x2;
15568 +         %em_getname(key=VARIABLESETDELTA, type=FILE, extension=txt);
15569 +         filename x "&em_user_variablesetdelta";
15570 +         data _null_;
15571 +            length string $200;
15572 +            set _DiffMeta end=eof;
15573 +            where _type_='COMPARE';
15574 +            file x;
15575 +            string = 'if NAME="'!!strip(NAME)!!'" then do;';
15576 +            put string;
15577 +            string = '   ROLE="'!!strip(ROLE)!!'";';
15578 +            put string;
15579 +            string=  '   LEVEL="'!!strip(LEVEL)!!'";';
15580 +            put string;
15581 +            string = '   ORDER="'!!strip(ORDER)!!'";';
15582 +            put string;
15583 +            string = '   DROP="'!!strip(DROP)!!'";';
15584 +            put string;
15585 +            put 'end;';
15586 +         run;
15587 +         filename x;
15588 +       proc datasets lib=work nolist;
15589 +          delete _DiffMeta;
15590 +       run;
15592 +       data &em_data_exportset;
15593 +          set &em_data_exportset;
15594 +          if NODEPORT='TRAIN' then do;
15595 +             ROLE="&em_property_role";
15596 +             COLUMNMETAMODTIME=datetime();
15597 +             MODTIME=datetime();
15598 +             DATASET="&em_nodeid._train";
15599 +             COLUMNMETA="&em_nodeid._CMeta_TRAIN";
15600 +             DELTACODE="CDelta_TRAIN";
15601 +             APPLYDELTA='Y';
15602 +             EXPORT='Y';
15603 +             NEEDUPDATE='Y';
15605 +            %if "&em_property_advancedadvisor" eq "Y" %then %do;
15606 +                EMINFO="&em_data_eminfo";
15607 +                EMINFOMODTIME=datetime();
15608 +            %end;
15609 +            %else %do;
15610 +                EMINFO='';
15611 +                EMINFOMODTIME=.;
15612 +            %end;
15613 +          end;
15614 +       run;
15615 +   %end;
15617 +  proc contents data=&em_user_data;
15618 +  run;
15619 +  proc datasets library=work nolist;
15620 +   delete importfile importattrs new;
15621 +   quit;
15622 +  run;
15624 +  /* Reset VALIDVARNAME to original settings */
15625 +  options validvarname=&vvnString;
15627 +  %endtrain:
15628 +%mend train;
NOTE: %INCLUDE (level 1) ending.
NOTE: Fileref TEMP has been deassigned.

NOTE: DATA statement used (Total process time):
      real time           0.01 seconds
      cpu time            0.01 seconds
      

filetype=*csv*
delimiter=*,*

15629   /**********************************************************************
15630   *   PRODUCT:   SAS
15631   *   VERSION:   9.4
15632   *   CREATOR:   External File Interface
15633   *   DATE:      22DEC19
15634   *   DESC:      Generated SAS Datastep Code
15635   *   TEMPLATE SOURCE:  (None Specified.)
15636   ***********************************************************************/
15637      data WORK.IMPORTFILE    ;
15638      %let _EFIERR_ = 0; /* set the ERROR detection macro variable */
15639      infile 'C:\Users\tan.joryi\Desktop\p\data_mining\03_explore_data\goldprice_modified.csv' delimiter = ',' MISSOVER DSD lrecl=32767 firstobs=2 ;
15640         informat year best32. ;
15641         informat month $9. ;
15642         informat date_text ddmmyy10. ;
15643         informat day $9. ;
15644         informat day_no best32. ;
15645         informat open_price best32. ;
15646         informat daily_low best32. ;
15647         informat daily_high best32. ;
15648         informat closing_price best32. ;
15649         informat trend $8. ;
15650         informat open_equals_closing best32. ;
15651         informat all_day_maintain best32. ;
15652         informat closing_at_daily_low best32. ;
15653         informat closing_at_daily_high best32. ;
15654         format year best12. ;
15655         format month $9. ;
15656         format date_text ddmmyy10. ;
15657         format day $9. ;
15658         format day_no best12. ;
15659         format open_price best12. ;
15660         format daily_low best12. ;
15661         format daily_high best12. ;
15662         format closing_price best12. ;
15663         format trend $8. ;
15664         format open_equals_closing best12. ;
15665         format all_day_maintain best12. ;
15666         format closing_at_daily_low best12. ;
15667         format closing_at_daily_high best12. ;
15668      input
15669                  year
15670                  month $
15671                  date_text
15672                  day $
15673                  day_no
15674                  open_price
15675                  daily_low
15676                  daily_high
15677                  closing_price
15678                  trend $
15679                  open_equals_closing
15680                  all_day_maintain
15681                  closing_at_daily_low
15682                  closing_at_daily_high
15683      ;
15684      if _ERROR_ then call symputx('_EFIERR_',1);  /* set ERROR detection macro variable */
15685      run;

NOTE: The infile 'C:\Users\tan.joryi\Desktop\p\data_mining\03_explore_data\goldprice_modified.csv' is:
      Filename=C:\Users\tan.joryi\Desktop\p\data_mining\03_explore_data\goldprice_modified.csv,
      RECFM=V,LRECL=32767,File Size (bytes)=148715,
      Last Modified=16 November 2019 18:18:58 o'clock,
      Create Time=28 October 2019 02:09:38 o'clock

NOTE: 1823 records were read from the infile 'C:\Users\tan.joryi\Desktop\p\data_mining\03_explore_data\goldprice_modified.csv'.
      The minimum record length was 65.
      The maximum record length was 88.
NOTE: The data set WORK.IMPORTFILE has 1823 observations and 14 variables.
NOTE: DATA statement used (Total process time):
      real time           0.04 seconds
      cpu time            0.00 seconds
      

1823 rows created in WORK.IMPORTFILE from C:\Users\tan.joryi\Desktop\p\data_mining\03_explore_data\goldprice_modified.csv.
  
  
  
NOTE: WORK.IMPORTFILE data set was successfully created.
NOTE: The data set WORK.IMPORTFILE has 1823 observations and 14 variables.
NOTE: PROCEDURE IMPORT used (Total process time):
      real time           0.71 seconds
      cpu time            0.25 seconds
      


NOTE: There were 1823 observations read from the data set WORK.IMPORTFILE.
NOTE: The data set EMWS1.FIMPORT4_DATA has 1823 observations and 14 variables.
NOTE: DATA statement used (Total process time):
      real time           0.04 seconds
      cpu time            0.00 seconds
      


NOTE: The data set WORK.IMPORTATTRS has 14 observations and 41 variables.
NOTE: PROCEDURE CONTENTS used (Total process time):
      real time           0.04 seconds
      cpu time            0.01 seconds
      


NOTE: Numeric values have been converted to character values at the places given by: (Line):(Column).
      23:137   
NOTE: There were 14 observations read from the data set WORK.IMPORTATTRS.
NOTE: DATA statement used (Total process time):
      real time           0.01 seconds
      cpu time            0.01 seconds
      

nobs=14  maxcols=10000

NOTE: The file EMWS1.FIMPORT4_EMSTATDEFAULT (memtype=DATA) was not found, but appears on a DELETE statement.
NOTE: The file EMWS1.FIMPORT4_EMINFO (memtype=DATA) was not found, but appears on a DELETE statement.

NOTE: PROCEDURE DATASETS used (Total process time):
      real time           0.06 seconds
      cpu time            0.01 seconds
      


15686  %let SYSCC = 0;
15687  %let _dsidTable = 0;
15688  %let _engineTable =;
15689  data _null_;
15690  dsid = open('EMWS1.FIMPORT4_DATA');
15691  call symput('_dsidTable', strip(put(dsid, best.)));
15692  if dsid then do;
15693  call symput('_engineTable', attrc(dsid, 'ENGINE'));
15694  dsid = close(dsid);
15695  end;
15696  run;

NOTE: DATA statement used (Total process time):
      real time           0.01 seconds
      cpu time            0.00 seconds
      

15697  options fmterr;
15698  data _metaTestView;
15699  set EMWS1.FIMPORT4_DATA;
15700  if _N_=1 then do;
15701  output;
15702  stop;
15703  end;
15704  run;

NOTE: There were 1 observations read from the data set EMWS1.FIMPORT4_DATA.
NOTE: The data set WORK._METATESTVIEW has 1 observations and 14 variables.
NOTE: DATA statement used (Total process time):
      real time           0.03 seconds
      cpu time            0.01 seconds
      

15705  proc contents data=EMWS1.FIMPORT4_DATA
15706  out=WORK.M2UHA0JJ noprint;
15707  run;

NOTE: The data set WORK.M2UHA0JJ has 14 observations and 41 variables.
NOTE: PROCEDURE CONTENTS used (Total process time):
      real time           0.04 seconds
      cpu time            0.01 seconds
      

15708  data WORK.M2UHA0JJ;
15709  length NAME $ 64 TYPE $ 1 LABEL $ 200 FORMAT $ 36 INFORMAT $36 INDEX $ 1 INDEXTYPE $ 9;
15710  label NAME =;
15711  set WORK.M2UHA0JJ(keep=name type length label format formatl formatd informat informl informd idxusage rename=(type=itype));
15712  if itype = 1 then type = 'N';
15713  else type = 'C';
15714  if formatl > 0 then do;
15715  if format ne '' then do;
15716  if type='N' then format = strip(format)!!strip(put(formatl, best12.))!!'.'!!strip(put(formatd, best12.));
15717  else format = strip(format)!!strip(put(formatl, best12.))!!'.';
15718  end;
15719  else format = strip(put(formatl, best12.))!!'.'!!strip(put(formatd, best12.));
15720  end;
15721  else if format ne '' then format = strip(format)!!'.';
15722  if informl > 0 then do;
15723  if informat ne ' ' then do;
15724  if type='N' then informat = strip(informat)!!strip(put(informl, best12.))!!'.'!!strip(put(informd, best12.));
15725  else informat = strip(informat)!!strip(put(informl, best12.))!!'.';
15726  end;
15727  else informat = strip(put(informl, best12.))!!'.'!!strip(put(informd, best12.));
15728  end;
15729  else if informat ne '' then informat = strip(informat)!!'.';
15730  if idxusage = 'NONE' then index ="N";
15731  else index = "Y";
15732  indextype = idxusage;
15733  drop idxusage itype formatl formatd informl informd;
15734  run;

NOTE: There were 14 observations read from the data set WORK.M2UHA0JJ.
NOTE: The data set WORK.M2UHA0JJ has 14 observations and 8 variables.
NOTE: DATA statement used (Total process time):
      real time           0.04 seconds
      cpu time            0.00 seconds
      

15735  data WORK.M2UHA0JJ;
15736  length UNAME $64;
15737  set WORK.M2UHA0JJ;
15738  UNAME = upcase(NAME);
15739  run;

NOTE: There were 14 observations read from the data set WORK.M2UHA0JJ.
NOTE: The data set WORK.M2UHA0JJ has 14 observations and 9 variables.
NOTE: DATA statement used (Total process time):
      real time           0.05 seconds
      cpu time            0.01 seconds
      

15743  data WORK.M0ASI8BW;
15744  drop UNAME;
15745  set WORK.M0ASI8BW;
15746  run;

NOTE: There were 14 observations read from the data set WORK.M0ASI8BW.
NOTE: The data set WORK.M0ASI8BW has 14 observations and 8 variables.
NOTE: DATA statement used (Total process time):
      real time           0.04 seconds
      cpu time            0.01 seconds
      

NOTE: PROCEDURE DISPLAY used (Total process time):
      real time           1.09 seconds
      cpu time            0.29 seconds
      


NOTE: DATA statement used (Total process time):
      real time           0.01 seconds
      cpu time            0.01 seconds
      


NOTE: There were 14 observations read from the data set EMWS1.FIMPORT4_EMCMETADEFAULT.
NOTE: The data set EMWS1.FIMPORT4_EMCMETADEFAULT has 14 observations and 21 variables.
NOTE: DATA statement used (Total process time):
      real time           0.04 seconds
      cpu time            0.00 seconds
      


15997  %let SYSCC = 0;
15998  data EMWS1.FIMPORT4_EMTMETADEFAULT;
15999  length LIBNAME $8;
16000  LIBNAME = "EMWS1";
16001  run;

NOTE: The data set EMWS1.FIMPORT4_EMTMETADEFAULT has 1 observations and 1 variables.
NOTE: DATA statement used (Total process time):
      real time           0.03 seconds
      cpu time            0.00 seconds
      

NOTE: PROCEDURE DISPLAY used (Total process time):
      real time           0.38 seconds
      cpu time            0.11 seconds
      


NOTE: There were 1 observations read from the data set EMWS1.FIMPORT4_EMTMETADEFAULT.
NOTE: The data set WORK._TEMP has 1 observations and 7 variables.
NOTE: DATA statement used (Total process time):
      real time           0.04 seconds
      cpu time            0.03 seconds
      


NOTE: There were 15 observations read from the data set EMWS1.FIMPORT4_IMPORTSET.
NOTE: The data set EMWS1.FIMPORT4_IMPORTSET has 15 observations and 14 variables.
NOTE: PROCEDURE SORT used (Total process time):
      real time           0.03 seconds
      cpu time            0.00 seconds
      


NOTE: There were 15 observations read from the data set EMWS1.FIMPORT4_IMPORTSET.
NOTE: There were 1 observations read from the data set WORK._TEMP.
NOTE: The data set EMWS1.FIMPORT4_IMPORTSET has 15 observations and 14 variables.
NOTE: DATA statement used (Total process time):
      real time           0.05 seconds
      cpu time            0.00 seconds
      

NOTE: %INCLUDE (level 1) file X is file C:\Users\tan.joryi\Desktop\p\data_mining\03_explore_data\Gold_Price\Workspaces\EMWS1\FIMPORT4\VARIABLESETDELTA.txt.
16030 +if NAME="all_day_maintain" then do;
16031 +ROLE="REJECTED";
16032 +LEVEL="BINARY";
16033 +ORDER="";
16034 +DROP="N";
16035 +end;
16036 +if NAME="closing_at_daily_high" then do;
16037 +ROLE="REJECTED";
16038 +LEVEL="BINARY";
16039 +ORDER="";
16040 +DROP="N";
16041 +end;
16042 +if NAME="closing_at_daily_low" then do;
16043 +ROLE="REJECTED";
16044 +LEVEL="BINARY";
16045 +ORDER="";
16046 +DROP="N";
16047 +end;
16048 +if NAME="day" then do;
16049 +ROLE="REJECTED";
16050 +LEVEL="NOMINAL";
16051 +ORDER="";
16052 +DROP="N";
16053 +end;
16054 +if NAME="day_no" then do;
16055 +ROLE="REJECTED";
16056 +LEVEL="ORDINAL";
16057 +ORDER="";
16058 +DROP="N";
16059 +end;
16060 +if NAME="month" then do;
16061 +ROLE="REJECTED";
16062 +LEVEL="NOMINAL";
16063 +ORDER="";
16064 +DROP="N";
16065 +end;
16066 +if NAME="open_equals_closing" then do;
16067 +ROLE="REJECTED";
16068 +LEVEL="BINARY";
16069 +ORDER="";
16070 +DROP="N";
16071 +end;
16072 +if NAME="trend" then do;
16073 +ROLE="REJECTED";
16074 +LEVEL="NOMINAL";
16075 +ORDER="";
16076 +DROP="N";
16077 +end;
16078 +if NAME="year" then do;
16079 +ROLE="REJECTED";
16080 +LEVEL="NOMINAL";
16081 +ORDER="";
16082 +DROP="N";
16083 +end;
NOTE: %INCLUDE (level 1) ending.

NOTE: There were 14 observations read from the data set EMWS1.FIMPORT4_EMCMETADEFAULT.
NOTE: The data set EMWS1.FIMPORT4_VARIABLESET has 14 observations and 21 variables.
NOTE: DATA statement used (Total process time):
      real time           0.04 seconds
      cpu time            0.03 seconds
      

NOTE: Fileref X has been deassigned.

NOTE: There were 14 observations read from the data set EMWS1.FIMPORT4_VARIABLESET.
NOTE: There were 14 observations read from the data set EMWS1.FIMPORT4_EMCMETADEFAULT.
NOTE: The data set WORK._DIFFMETA has 18 observations and 23 variables.
NOTE: PROCEDURE COMPARE used (Total process time):
      real time           0.03 seconds
      cpu time            0.01 seconds
      


NOTE: The file X1 is:
      Filename=C:\Users\tan.joryi\Desktop\p\data_mining\03_explore_data\Gold_Price\Workspaces\EMWS1\FIMPORT4\CDELTA_TRAIN.sas,
      RECFM=V,LRECL=32767,File Size (bytes)=0,
      Last Modified=22 December 2019 20:01:30 o'clock,
      Create Time=22 December 2019 19:58:42 o'clock

NOTE: 46 records were written to the file X1.
      The minimum record length was 4.
      The maximum record length was 40.
NOTE: There were 9 observations read from the data set WORK._DIFFMETA.
      WHERE _type_='COMPARE';
NOTE: DATA statement used (Total process time):
      real time           0.02 seconds
      cpu time            0.03 seconds
      


NOTE: The file X2 is:
      Filename=C:\Users\tan.joryi\Desktop\p\data_mining\03_explore_data\Gold_Price\Workspaces\EMWS1\FIMPORT4\DELTACODE.txt,
      RECFM=V,LRECL=20000,File Size (bytes)=0,
      Last Modified=22 December 2019 20:01:30 o'clock,
      Create Time=22 December 2019 19:58:43 o'clock

NOTE: 46 records were written to the file X2.
      The minimum record length was 4.
      The maximum record length was 40.
NOTE: DATA statement used (Total process time):
      real time           0.01 seconds
      cpu time            0.00 seconds
      

NOTE: Fileref X1 has been deassigned.
NOTE: Fileref X2 has been deassigned.

NOTE: The file X is:
      Filename=C:\Users\tan.joryi\Desktop\p\data_mining\03_explore_data\Gold_Price\Workspaces\EMWS1\FIMPORT4\VARIABLESETDELTA.txt,
      RECFM=V,LRECL=32767,File Size (bytes)=0,
      Last Modified=22 December 2019 20:01:31 o'clock,
      Create Time=22 December 2019 19:58:43 o'clock

NOTE: 54 records were written to the file X.
      The minimum record length was 4.
      The maximum record length was 40.
NOTE: There were 9 observations read from the data set WORK._DIFFMETA.
      WHERE _type_='COMPARE';
NOTE: DATA statement used (Total process time):
      real time           0.02 seconds
      cpu time            0.00 seconds
      

NOTE: Fileref X has been deassigned.

NOTE: Deleting WORK._DIFFMETA (memtype=DATA).

NOTE: PROCEDURE DATASETS used (Total process time):
      real time           0.04 seconds
      cpu time            0.00 seconds
      


NOTE: There were 6 observations read from the data set EMWS1.FIMPORT4_EXPORTSET.
NOTE: The data set EMWS1.FIMPORT4_EXPORTSET has 6 observations and 18 variables.
NOTE: DATA statement used (Total process time):
      real time           0.03 seconds
      cpu time            0.04 seconds
      


NOTE: PROCEDURE CONTENTS used (Total process time):
      real time           0.02 seconds
      cpu time            0.00 seconds
      
NOTE: The PROCEDURE CONTENTS printed page 2.


NOTE: The file WORK.NEW (memtype=DATA) was not found, but appears on a DELETE statement.
NOTE: Deleting WORK.IMPORTFILE (memtype=DATA).
NOTE: Deleting WORK.IMPORTATTRS (memtype=DATA).
NOTE: PROCEDURE DATASETS used (Total process time):
      real time           0.04 seconds
      cpu time            0.01 seconds
      

16084  *------------------------------------------------------------*;
16085  * End TRAIN: FIMPORT4;
16086  *------------------------------------------------------------*;

16087  *------------------------------------------------------------*;
16088  * Close any missing semi colons;
16089  *------------------------------------------------------------*;
16090  ;
16091  ;
16092  ;
16093  ;
16094  quit;
16095  *------------------------------------------------------------*;
16096  * Close any unbalanced quotes;
16097  *------------------------------------------------------------*;
16098  /*; *"; *'; */
16099  ;
16100  run;
16101  quit;
16102  /* Reset EM Options */
16103  options formchar="|----|+|---+=|-/\<>*";
16104  options nocenter ls=256 ps=10000;
16105  goptions reset=all device=GIF NODISPLAY;

