 
                                                                                                                                                                                                                                                                
 
 
Variable Summary

            Measurement    Frequency
Role           Level         Count

INPUT        NOMINAL           1    
REJECTED     INTERVAL          2    
TARGET       NOMINAL           1    
TIMEID       INTERVAL          1    
 
                                                                                                                                                                                                                                                                
 
 

The CONTENTS Procedure

Data Set Name        EMWS1.FIMPORT2_DATA       Observations          3043
Member Type          DATA                      Variables             5   
Engine               V9                        Indexes               0   
Created              16/11/2019 16:19:38       Observation Length    232 
Last Modified        16/11/2019 16:19:38       Deleted Observations  0   
Protection                                     Compressed            NO  
Data Set Type                                  Sorted                NO  
Label                                                                    
Data Representation  WINDOWS_64                                          
Encoding             utf-8  Unicode (UTF-8)                              


                                                   Engine/Host Dependent Information

Data Set Page Size          65536                                                                                                      
Number of Data Set Pages    11                                                                                                         
First Data Page             1                                                                                                          
Max Obs per Page            282                                                                                                        
Obs in First Data Page      275                                                                                                        
Number of Data Set Repairs  0                                                                                                          
ExtendObsCounter            YES                                                                                                        
Filename                    C:\Users\tan.joryi\Desktop\p\data_mining\03_explore_data\Gold_Price\Workspaces\EMWS1\fimport2_data.sas7bdat
Release Created             9.0401M3                                                                                                   
Host Created                X64_8PRO                                                                                                   


            Alphabetic List of Variables and Attributes
 
#    Variable                Type    Len    Format       Informat

1    DateTime                Num       8    YYMMDD10.    YYMMDD10.
2    news                    Char    197    $197.        $197.    
4    polarity                Num       8    BEST12.      BEST32.  
3    polarity_description    Char      8    $8.          $8.      
5    subjectivity            Num       8    BEST12.      BEST32.  
