*------------------------------------------------------------*
* Report Log
Date:                16 November 2019
Time:                16:19:57 o'clock
*------------------------------------------------------------*
16231  %let EMEXCEPTIONSTRING=;
16232  *------------------------------------------------------------*;
16233  * REPORT: GrfExpl3;
16234  *------------------------------------------------------------*;
16235  %let EM_ACTION = REPORT;
16236  %let syscc = 0;
16237  %macro main;
16238     filename temp catalog 'sashelp.emexpl.graphexplore_macros.source';
16239     %include temp;
16240     filename temp;
16241  
16242     %SetProperties;
16243  
16244     %if %upcase(&EM_ACTION) = CREATE %then %do;
16245  
16246         filename temp catalog 'sashelp.emexpl.graphexplore_create.source';
16247         %include temp;
16248         filename temp;
16249         %create;
16250     %end;
16251     %else
16252     %if %upcase(&EM_ACTION) = TRAIN %then %do;
16253  
16254         filename temp catalog 'sashelp.emexpl.graphexplore_train.source';
16255         %include temp;
16256         filename temp;
16257         %train;
16258  
16259     %end;
16260     %else
16261     %if %upcase(&EM_ACTION) = REPORT %then %do;
16262  
16263         filename temp catalog 'sashelp.emexpl.graphexplore_report.source';
16264         %include temp;
16265         filename temp;
16266  
16267         %report;
16268     %end;
16269  
16270  %mend main;
16271  
16272  %main;
NOTE: %INCLUDE (level 1) file TEMP is file SASHELP.EMEXPL.GRAPHEXPLORE_MACROS.SOURCE.
16273 +%macro SetProperties;
16274 +   %em_checkmacro(name=EM_PROPERTY_INTERVALBYTARGET,      global=Y, value=Y);
16275 +   %em_checkmacro(name=EM_PROPERTY_CLASSBYTARGET,         global=Y, value=Y);
16276 +   %em_checkmacro(name=EM_PROPERTY_DATASOURCE,            global=Y, value=SAMPLE);
16277 +   %em_checkmacro(name=EM_PROPERTY_EMSAMPLEMETHOD,        global=Y, value=FIRSTN);
16278 +   %em_checkmacro(name=EM_PROPERTY_EMSAMPLESIZE,          global=Y, value=DEFAULT);
16279 +   %em_checkmacro(name=EM_PROPERTY_EMRANDOMSEED,          global=Y, value=12345);
16280 +
16281 +%mend SetProperties;
NOTE: %INCLUDE (level 1) ending.
NOTE: Fileref TEMP has been deassigned.
NOTE: %INCLUDE (level 1) file TEMP is file SASHELP.EMEXPL.GRAPHEXPLORE_REPORT.SOURCE.
16282 +%macro report;
16283 +
16284 +   %let sourceKey = em_import_data;
16285 +    %if "&sourceKey" eq "" %then
16286 +        %let sourceKey = em_import_transaction;
16287 +    %if "&sourceKey" eq "" %then
16288 +        %let sourceKey = em_import_document;
16289 +    %if "&sourceKey" eq "" %then
16290 +        %let sourceKey = em_import_validate;
16291 +    %if "&sourceKey" eq "" %then
16292 +        %let sourceKey = em_import_test;
16293 +    %if "&sourceKey" eq "" %then
16294 +        %let sourceKey = em_import_score;
16295 +
16296 +   %if "&EM_PROPERTY_DATASOURCE" = "SAMPLE" %then
16297 +      %let sourceKey =SAMPLE_DATA;
16298 +
16299 +    %em_report(Key=&sourceKey, viewType=DATA, Block=Data, Description=Sample, Autodisplay=Y, localize=Y );
16300 +
16301 +   %if &EM_NUM_TARGET %then %do;
16302 +       %if &EM_NUM_INTERVAL_TARGET %then %do;
16303 +           %do i=1 %to &EM_NUM_INTERVAL_TARGET;
16304 +               %let targetName = %scan(%EM_INTERVAL_TARGET, &i);
16305 +               %if "&EM_PROPERTY_TARGET" = "Y" %then %do;
16306 +                   %em_report(Key=&sourceKey, viewType=HISTOGRAM, X=&targetName, freq=%EM_FREQ, block=Target, AutoDisplay=Y, Description=&targetName);
16307 +               %end;
16308 +
16309 +               %if "&EM_PROPERTY_GROUPBYTARGET" = "Y" and &EM_NUM_SEGMENT %then %do;
16310 +                   %do j=1 %to &EM_NUM_SEGMENT;
16311 +                       %let groupName = %scan(%em_segment, &j);
16312 +                       %em_report(Key=&sourceKey, viewType=BASEBOX, Y=&targetName, X=&groupname, freq=%EM_FREQ, Block=GroupPlots, Description=%nrbquote(&targetName x &groupName));
16313 +                   %end;
16314 +               %end;
16315 +           %end;
16316 +       %end;
16317 +
16318 +       %let numClassTarget = %eval(&EM_NUM_BINARY_TARGET + &EM_NUM_NOMINAL_TARGET + &EM_NUM_ORDINAL_TARGET );
16319 +       %if &numClassTarget %then %do;
16320 +           %do i=1 %to &numClassTarget;
16321 +               %let targetName = %scan(%EM_BINARY_TARGET %EM_NOMINAL_TARGET %EM_ORDINAL_TARGET, &i);
16322 +               %if "&EM_PROPERTY_TARGET" = "Y" %then %do;
16323 +                   %em_report(Key=&sourceKey, viewType=BAR, X=&targetName, freq=%EM_FREQ, block=Target, AutoDisplay=Y, Description=&targetName);
16324 +               %end;
16325 +
16326 +               %if "&EM_PROPERTY_GROUPBYTARGET" = "Y" and &EM_NUM_SEGMENT %then %do;
16327 +                   %do j=1 %to &EM_NUM_SEGMENT;
16328 +                       %let groupName = %scan(%em_segment, &j);
16329 +                       %em_report(Key=&sourceKey, viewType=BAR, X=&groupName, group=&targetname, freq=%EM_FREQ, Block=GroupPlots, Description=%nrbquote(&targetName x &groupName));
16330 +                   %end;
16331 +               %end;
16332 +
16333 +           %end;
16334 +       %end;
16335 +
16336 +   %end;
16337 +
16338 +%mend report;
NOTE: %INCLUDE (level 1) ending.
NOTE: Fileref TEMP has been deassigned.

NOTE: The data set WORK.EM_USER_REPORT has 132 observations and 4 variables.
NOTE: DATA statement used (Total process time):
      real time           0.04 seconds
      cpu time            0.04 seconds
      


NOTE: There were 132 observations read from the data set WORK.EM_USER_REPORT.
NOTE: The data set WORK.EM_USER_REPORT has 264 observations and 4 variables.
NOTE: DATA statement used (Total process time):
      real time           0.06 seconds
      cpu time            0.04 seconds
      

16339  *------------------------------------------------------------*;
16340  * End REPORT: GrfExpl3;
16341  *------------------------------------------------------------*;
16342  

16343  /* Reset EM Options */
16344  options formchar="|----|+|---+=|-/\<>*";
16345  options nocenter ls=256 ps=10000;
16346  goptions reset=all device=GIF NODISPLAY;

16347  proc sort data=WORK.EM_USER_REPORT;
16348  by ID VIEW;
16349  run;

NOTE: There were 264 observations read from the data set WORK.EM_USER_REPORT.
NOTE: The data set WORK.EM_USER_REPORT has 264 observations and 4 variables.
NOTE: PROCEDURE SORT used (Total process time):
      real time           0.03 seconds
      cpu time            0.01 seconds
      

